{"ast":null,"code":"\"use strict\";\n\nObject.defineProperty(exports, \"__esModule\", {\n  value: true\n});\nexports.ERRORS = exports.ERROR_RANGES = exports.getErrorCode = exports.ERROR_PREFIX = void 0;\nexports.ERROR_PREFIX = \"HH\";\nfunction getErrorCode(error) {\n  return `${exports.ERROR_PREFIX}${error.number}`;\n}\nexports.getErrorCode = getErrorCode;\nexports.ERROR_RANGES = {\n  GENERAL: {\n    min: 1,\n    max: 99,\n    title: \"General errors\"\n  },\n  NETWORK: {\n    min: 100,\n    max: 199,\n    title: \"Network related errors\"\n  },\n  TASK_DEFINITIONS: {\n    min: 200,\n    max: 299,\n    title: \"Task definition errors\"\n  },\n  ARGUMENTS: {\n    min: 300,\n    max: 399,\n    title: \"Arguments related errors\"\n  },\n  RESOLVER: {\n    min: 400,\n    max: 499,\n    title: \"Dependencies resolution errors\"\n  },\n  SOLC: {\n    min: 500,\n    max: 599,\n    title: \"Solidity related errors\"\n  },\n  BUILTIN_TASKS: {\n    min: 600,\n    max: 699,\n    title: \"Built-in tasks errors\"\n  },\n  ARTIFACTS: {\n    min: 700,\n    max: 799,\n    title: \"Artifacts related errors\"\n  },\n  PLUGINS: {\n    min: 800,\n    max: 899,\n    title: \"Plugin system errors\"\n  },\n  INTERNAL: {\n    min: 900,\n    max: 999,\n    title: \"Internal Hardhat errors\"\n  },\n  SOURCE_NAMES: {\n    min: 1000,\n    max: 1099,\n    title: \"Source name errors\"\n  },\n  CONTRACT_NAMES: {\n    min: 1100,\n    max: 1199,\n    title: \"Contract name errors\"\n  }\n};\nexports.ERRORS = {\n  GENERAL: {\n    NOT_INSIDE_PROJECT: {\n      number: 1,\n      message: \"You are not inside a Hardhat project.\",\n      title: \"You are not inside a Hardhat project\",\n      description: `You are trying to run Hardhat outside of a Hardhat project.\n\nYou can learn how to use Hardhat by reading the [Getting Started guide](/hardhat-runner/docs/getting-started).`,\n      shouldBeReported: false\n    },\n    INVALID_NODE_VERSION: {\n      number: 2,\n      message: \"Hardhat doesn't support your Node.js version. It should be %requirement%.\",\n      title: \"Unsupported Node.js\",\n      description: `Hardhat doesn't support your Node.js version.\n\nPlease upgrade your version of Node.js and try again.`,\n      shouldBeReported: false\n    },\n    UNSUPPORTED_OPERATION: {\n      number: 3,\n      message: \"%operation% is not supported in Hardhat.\",\n      title: \"Unsupported operation\",\n      description: `You are trying to perform an unsupported operation.\n\nUnless you are creating a task or plugin, this is probably a bug.\n\nPlease [report it](https://github.com/nomiclabs/hardhat/issues/new) to help us improve Hardhat.`,\n      shouldBeReported: true\n    },\n    CONTEXT_ALREADY_CREATED: {\n      number: 4,\n      message: \"HardhatContext is already created.\",\n      title: \"Hardhat was already initialized\",\n      description: `Hardhat initialization was executed twice. This is a bug.\n\nPlease [report it](https://github.com/nomiclabs/hardhat/issues/new) to help us improve Hardhat.`,\n      shouldBeReported: true\n    },\n    CONTEXT_NOT_CREATED: {\n      number: 5,\n      message: \"HardhatContext is not created.\",\n      title: \"Hardhat wasn't initialized\",\n      description: `Hardhat initialization failed. This is a bug.\n\nPlease [report it](https://github.com/nomiclabs/hardhat/issues/new) to help us improve Hardhat.`,\n      shouldBeReported: true\n    },\n    CONTEXT_HRE_NOT_DEFINED: {\n      number: 6,\n      message: \"Hardhat Runtime Environment is not defined in the HardhatContext.\",\n      title: \"Hardhat Runtime Environment not created\",\n      description: `Hardhat initialization failed. This is a bug.\n\nPlease [report it](https://github.com/nomiclabs/hardhat/issues/new) to help us improve Hardhat.`,\n      shouldBeReported: true\n    },\n    CONTEXT_HRE_ALREADY_DEFINED: {\n      number: 7,\n      message: \"Hardhat Runtime Environment is already defined in the HardhatContext\",\n      title: \"Tried to create the Hardhat Runtime Environment twice\",\n      description: `The Hardhat initialization process was executed twice. This is a bug.\n\nPlease [report it](https://github.com/nomiclabs/hardhat/issues/new) to help us improve Hardhat.`,\n      shouldBeReported: true\n    },\n    INVALID_CONFIG: {\n      number: 8,\n      message: `There's one or more errors in your config file:\n\n%errors%\n\nTo learn more about Hardhat's configuration, please go to https://hardhat.org/config/`,\n      title: \"Invalid Hardhat config\",\n      description: `You have one or more errors in your config file.\n\nCheck the error message for details, or go to the [documentation](https://hardhat.org/config/) to learn more.`,\n      shouldBeReported: false\n    },\n    LIB_IMPORTED_FROM_THE_CONFIG: {\n      number: 9,\n      message: `Error while loading Hardhat's configuration.\n\nYou probably tried to import the \"hardhat\" module from your config or a file imported from it.\nThis is not possible, as Hardhat can't be initialized while its config is being defined.\n\nTo learn more about how to access the Hardhat Runtime Environment from different contexts go to https://hardhat.org/hre`,\n      title: \"Failed to load config file\",\n      description: `There was an error while loading your config file.\n\nThe most common source of errors is trying to import the Hardhat Runtime Environment from your config or a file imported from it.\nThis is not possible, as Hardhat can't be initialized while its config is being defined.\n\nYou may also have accidentally imported \\`hardhat\\` instead of \\`hardhat/config\\`.\n\nPlease make sure your config file is correct.\n\nTo learn more about how to access the Hardhat Runtime Environment from different contexts go to https://hardhat.org/hre`,\n      shouldBeReported: false\n    },\n    USER_CONFIG_MODIFIED: {\n      number: 10,\n      message: `Error while loading Hardhat's configuration.\nYou or one of your plugins is trying to modify the userConfig.%path% value from a config extender`,\n      title: \"Attempted to modify the user's config\",\n      description: `An attempt to modify the user's config was made.\n\nThis is probably a bug in one of your plugins.\n\nPlease [report it](https://github.com/nomiclabs/hardhat/issues/new) to help us improve Hardhat.`,\n      shouldBeReported: true\n    },\n    ASSERTION_ERROR: {\n      number: 11,\n      message: \"An internal invariant was violated: %message%\",\n      title: \"Invariant violation\",\n      description: `An internal invariant was violated.\nThis is probably caused by a programming error in hardhat or in one of the used plugins.\n\nPlease [report it](https://github.com/nomiclabs/hardhat/issues/new) to help us improve Hardhat.`,\n      shouldBeReported: true\n    },\n    NON_LOCAL_INSTALLATION: {\n      number: 12,\n      message: \"Trying to use a non-local installation of Hardhat, which is not supported.\\nPlease install Hardhat locally using npm or Yarn, and try again.\",\n      title: \"Hardhat is not installed or installed globally\",\n      description: `You tried to run Hardhat from a global installation or not installing it at all. This is not supported.\n\nPlease install Hardhat locally using npm or Yarn, and try again.`,\n      shouldBeReported: false\n    },\n    TS_NODE_NOT_INSTALLED: {\n      number: 13,\n      message: `Your Hardhat project uses typescript, but ts-node is not installed.\n\nPlease run: npm install --save-dev ts-node`,\n      title: \"ts-node not installed\",\n      description: `You are running a Hardhat project that uses typescript, but you haven't installed ts-node.\n\nPlease run this and try again: \\`npm install --save-dev ts-node\\``,\n      shouldBeReported: false\n    },\n    TYPESCRIPT_NOT_INSTALLED: {\n      number: 14,\n      message: `Your Hardhat project uses typescript, but it's not installed.\n\nPlease run: npm install --save-dev typescript`,\n      title: \"typescript not installed\",\n      description: `You are running a Hardhat project that uses typescript, but it's not installed.\n\nPlease run this and try again: \\`npm install --save-dev typescript\\``,\n      shouldBeReported: false\n    },\n    NOT_INSIDE_PROJECT_ON_WINDOWS: {\n      number: 15,\n      message: `You are not inside a project and Hardhat failed to initialize a new one.\n\nIf you were trying to create a new project, please try again using Windows Subsystem for Linux (WSL) or PowerShell.\n`,\n      title: \"You are not inside a Hardhat project and Hardhat failed to initialize a new one\",\n      description: `You are trying to run Hardhat outside of a Hardhat project, and we couldn't initialize one.\n\nIf you were trying to create a new project, please try again using Windows Subsystem for Linux (WSL) or PowerShell.\n\nYou can learn how to use Hardhat by reading the [Getting Started guide](/hardhat-runner/docs/getting-started).`,\n      shouldBeReported: false\n    },\n    CONFLICTING_FILES: {\n      number: 16,\n      message: `The directory %dest% contains files that could conflict:\n\n%conflicts%\n\nEither try using a new directory, or remove the files listed above.`,\n      title: \"conflicting files during project creation\",\n      description: `You are trying to create a new hardhat project, but there are existing files that would be overwritten by the creation process.\n\nEither try using a new directory name, or remove the conflicting files.`,\n      shouldBeReported: false\n    },\n    INVALID_BIG_NUMBER: {\n      number: 17,\n      message: \"The input value cannot be normalized to a BigInt: %message%\",\n      title: \"Invalid big number\",\n      description: \"Hardhat attempted to convert the input value to a BigInt, but no known conversion method was applicable to the given value.\",\n      shouldBeReported: false\n    },\n    CORRUPTED_LOCKFILE: {\n      number: 18,\n      message: `You installed Hardhat with a corrupted lockfile due to the NPM bug #4828.\n\nPlease delete your node_modules, package-lock.json, reinstall your project, and try again.`,\n      title: \"Corrupted lockfile\",\n      description: `Some versions of NPM are affected [by a bug](https://github.com/npm/cli/issues/4828) that leads to corrupt lockfiles being generated.\n\nThis bug can only affect you if you, or someone at your team, installed the project without a lockfile, but with an existing node_modules.\n\nTo avoid it, please delete both your node_modules and package-lock.json, and reinstall your project.\n\nNote that you don't need to do this every time you install a new dependency, but please make sure to delete your node_modules every time you delete your package-lock.json.`,\n      shouldBeReported: false\n    }\n  },\n  NETWORK: {\n    CONFIG_NOT_FOUND: {\n      number: 100,\n      message: \"Network %network% doesn't exist\",\n      title: \"Selected network doesn't exist\",\n      description: `You are trying to run Hardhat with a nonexistent network.\n\nRead the [documentation](https://hardhat.org/hardhat-runner/docs/config#networks-configuration) to learn how to define custom networks.`,\n      shouldBeReported: false\n    },\n    INVALID_GLOBAL_CHAIN_ID: {\n      number: 101,\n      message: \"Hardhat was set to use chain id %configChainId%, but connected to a chain with id %connectionChainId%.\",\n      title: \"Connected to the wrong network\",\n      description: `Your config specifies a chain id for the network you are trying to use, but Hardhat detected a different chain id.\n\nPlease make sure you are setting your config correctly.`,\n      shouldBeReported: false\n    },\n    ETHSIGN_MISSING_DATA_PARAM: {\n      number: 102,\n      message: 'Missing \"data\" param when calling eth_sign.',\n      title: \"Missing `data` param when calling eth_sign.\",\n      description: `You called \\`eth_sign\\` with incorrect parameters.\n\nPlease check that you are sending a \\`data\\` parameter.`,\n      shouldBeReported: false\n    },\n    NOT_LOCAL_ACCOUNT: {\n      number: 103,\n      message: \"Account %account% is not managed by the node you are connected to.\",\n      title: \"Unrecognized account\",\n      description: `You are trying to send a transaction or sign some data with an\naccount not managed by your Ethereum node nor Hardhat.\n\nPlease double check your accounts and the \\`from\\` parameter in your RPC calls.`,\n      shouldBeReported: false\n    },\n    MISSING_TX_PARAM_TO_SIGN_LOCALLY: {\n      number: 104,\n      message: \"Missing param %param% from a tx being signed locally.\",\n      title: \"Missing transaction parameter\",\n      description: `You are trying to send a transaction with a locally managed\naccount, and some parameters are missing.\n\nPlease double check your transactions' parameters.`,\n      shouldBeReported: false\n    },\n    NO_REMOTE_ACCOUNT_AVAILABLE: {\n      number: 105,\n      message: \"No local account was set and there are accounts in the remote node.\",\n      title: \"No remote accounts available\",\n      description: `No local account was set and there are accounts in the remote node.\n\nPlease make sure that your Ethereum node has unlocked accounts.`,\n      shouldBeReported: false\n    },\n    INVALID_HD_PATH: {\n      number: 106,\n      message: \"HD path %path% is invalid. Read about BIP32 to know about the valid forms.\",\n      title: \"Invalid HD path\",\n      description: `An invalid HD/BIP32 derivation path was provided in your config.\n\nRead the [documentation](https://hardhat.org/hardhat-runner/docs/config#hd-wallet-config) to learn how to define HD accounts correctly.`,\n      shouldBeReported: false\n    },\n    INVALID_RPC_QUANTITY_VALUE: {\n      number: 107,\n      message: \"Received invalid value `%value%` from/to the node's JSON-RPC, but a Quantity was expected.\",\n      title: \"Invalid JSON-RPC value\",\n      description: `One of your transactions sent or received an invalid JSON-RPC QUANTITY value.\n\nPlease double check your calls' parameters and keep your Ethereum node up to date.`,\n      shouldBeReported: false\n    },\n    NODE_IS_NOT_RUNNING: {\n      number: 108,\n      message: `Cannot connect to the network %network%.\nPlease make sure your node is running, and check your internet connection and networks config`,\n      title: \"Cannot connect to the network\",\n      description: `Cannot connect to the network.\n\nPlease make sure your node is running, and check your internet connection and networks config.`,\n      shouldBeReported: false\n    },\n    NETWORK_TIMEOUT: {\n      number: 109,\n      message: `Network connection timed out.\nPlease check your internet connection and networks config`,\n      title: \"Network timeout\",\n      description: `One of your JSON-RPC requests timed out.\n\nPlease make sure your node is running, and check your internet connection and networks config.`,\n      shouldBeReported: false\n    },\n    INVALID_JSON_RESPONSE: {\n      number: 110,\n      message: \"Invalid JSON-RPC response received: %response%\",\n      title: \"Invalid JSON-RPC response\",\n      description: `One of your JSON-RPC requests received an invalid response.\n\nPlease make sure your node is running, and check your internet connection and networks config.`,\n      shouldBeReported: false\n    },\n    CANT_DERIVE_KEY: {\n      number: 111,\n      message: \"Cannot derive key %path% from mnemonic '%mnemonic%.\\nTry using another mnemonic or deriving fewer keys.\",\n      title: \"Could not derive an HD key\",\n      description: `One of your HD keys could not be derived.\n\nTry using another mnemonic or deriving less keys.`,\n      shouldBeReported: false\n    },\n    INVALID_RPC_DATA_VALUE: {\n      number: 112,\n      message: \"Received invalid value `%value%` from/to the node's JSON-RPC, but a Data was expected.\",\n      title: \"Invalid JSON-RPC value\",\n      description: `One of your calls sent or received an invalid JSON-RPC DATA value.\n\nPlease double check your calls' parameters and keep your Ethereum node up to date.`,\n      shouldBeReported: false\n    },\n    ETHSIGN_TYPED_DATA_V4_INVALID_DATA_PARAM: {\n      number: 113,\n      message: 'Invalid \"data\" param when calling eth_signTypedData_v4.',\n      title: \"Invalid `data` param when calling eth_signTypedData_v4.\",\n      description: `You called \\`eth_signTypedData_v4\\` with incorrect parameters.\nPlease check that you are sending a \\`data\\` parameter with a JSON string or object conforming to EIP712 TypedData schema.`,\n      shouldBeReported: false\n    },\n    INCOMPATIBLE_FEE_PRICE_FIELDS: {\n      number: 114,\n      message: \"An incompatible transaction with gasPrice and EIP-1559 fee price fields.\",\n      title: \"Incompatible fee price parameters\",\n      description: `You are trying to send a transaction with a locally managed\naccount, and its parameters are incompatible. You sent both gasPrice, and maxFeePerGas or maxPriorityFeePerGas.\n\nPlease double check your transactions' parameters.`,\n      shouldBeReported: false\n    },\n    MISSING_FEE_PRICE_FIELDS: {\n      number: 115,\n      message: \"Tried to sign a transaction locally, but gasPrice, maxFeePerGas, and maxPriorityFeePerGas were missing.\",\n      title: \"Missing fee price parameters\",\n      description: `You are trying to send a transaction with a locally managed account, and no fee price parameters were provided. You need to send gasPrice, or maxFeePerGas and maxPriorityFeePerGas.\n\nPlease double check your transactions' parameters.`,\n      shouldBeReported: false\n    },\n    PERSONALSIGN_MISSING_ADDRESS_PARAM: {\n      number: 116,\n      message: 'Missing \"address\" param when calling personal_sign.',\n      title: \"Missing `address` param when calling personal_sign.\",\n      description: `You called \\`personal_sign\\` with incorrect parameters.\n\nPlease check that you are sending an \\`address\\` parameter.`,\n      shouldBeReported: false\n    }\n  },\n  TASK_DEFINITIONS: {\n    PARAM_AFTER_VARIADIC: {\n      number: 200,\n      message: \"Could not set positional param %paramName% for task %taskName% because there is already a variadic positional param and it has to be the last positional one.\",\n      title: \"Could not add positional param\",\n      description: `Could add a positional param to your task because\nthere is already a variadic positional param and it has to be the last\npositional one.\n\nPlease double check your task definitions.`,\n      shouldBeReported: false\n    },\n    PARAM_ALREADY_DEFINED: {\n      number: 201,\n      message: \"Could not set param %paramName% for task %taskName% because its name is already used.\",\n      title: \"Repeated param name\",\n      description: `Could not add a param to your task because its name is already used.\n\nPlease double check your task definitions.`,\n      shouldBeReported: false\n    },\n    PARAM_CLASHES_WITH_HARDHAT_PARAM: {\n      number: 202,\n      message: \"Could not set param %paramName% for task %taskName% because its name is used as a param for Hardhat.\",\n      title: \"Hardhat and task param names clash\",\n      description: `Could not add a param to your task because its name is used as a param for Hardhat.\n\nPlease double check your task definitions.`,\n      shouldBeReported: false\n    },\n    MANDATORY_PARAM_AFTER_OPTIONAL: {\n      number: 203,\n      message: \"Could not set param %paramName% for task %taskName% because it is mandatory and it was added after an optional positional param.\",\n      title: \"Optional param followed by a required one\",\n      description: `Could not add param to your task because it is required and it was added after an optional positional param.\n\nPlease double check your task definitions.`,\n      shouldBeReported: false\n    },\n    ACTION_NOT_SET: {\n      number: 204,\n      message: \"No action set for task %taskName%.\",\n      title: \"Tried to run task without an action\",\n      description: `A task was run, but it has no action set.\n\nPlease double check your task definitions.`,\n      shouldBeReported: false\n    },\n    RUNSUPER_NOT_AVAILABLE: {\n      number: 205,\n      message: \"Tried to call runSuper from a non-overridden definition of task %taskName%\",\n      title: \"`runSuper` not available\",\n      description: `You tried to call \\`runSuper\\` from a non-overridden task.\n\nPlease use \\`runSuper.isDefined\\` to make sure that you can call it.`,\n      shouldBeReported: false\n    },\n    DEFAULT_VALUE_WRONG_TYPE: {\n      number: 206,\n      message: \"Default value for param %paramName% of task %taskName% doesn't match the default one, try specifying it.\",\n      title: \"Default value has incorrect type\",\n      description: `One of your tasks has a parameter whose default value doesn't match the expected type.\n\nPlease double check your task definitions.`,\n      shouldBeReported: false\n    },\n    DEFAULT_IN_MANDATORY_PARAM: {\n      number: 207,\n      message: \"Default value for param %paramName% of task %taskName% shouldn't be set.\",\n      title: \"Required parameter has a default value\",\n      description: `One of your tasks has a required parameter with a default value.\n\nPlease double check your task definitions.`,\n      shouldBeReported: false\n    },\n    INVALID_PARAM_NAME_CASING: {\n      number: 208,\n      message: \"Invalid param name %paramName% in task %taskName%. Param names must be camelCase.\",\n      title: \"Invalid casing in parameter name\",\n      description: `Your parameter names must use camelCase.\n\nPlease double check your task definitions.`,\n      shouldBeReported: false\n    },\n    OVERRIDE_NO_MANDATORY_PARAMS: {\n      number: 209,\n      message: \"Redefinition of task %taskName% failed. Unsupported operation adding mandatory (non optional) param definitions in an overridden task.\",\n      title: \"Attempted to add mandatory params to an overridden task\",\n      description: `You can't add mandatory (non optional) param definitions in an overridden task.\nThe only supported param additions for overridden tasks are flags\nand optional params.\n\nPlease double check your task definitions.`,\n      shouldBeReported: false\n    },\n    OVERRIDE_NO_POSITIONAL_PARAMS: {\n      number: 210,\n      message: \"Redefinition of task %taskName% failed. Unsupported operation adding positional param definitions in an overridden task.\",\n      title: \"Attempted to add positional params to an overridden task\",\n      description: `You can't add positional param definitions in an overridden task.\nThe only supported param additions for overridden tasks are flags\nand optional params.\n\nPlease double check your task definitions.`,\n      shouldBeReported: false\n    },\n    OVERRIDE_NO_VARIADIC_PARAMS: {\n      number: 211,\n      message: \"Redefinition of task %taskName% failed. Unsupported operation adding variadic param definitions in an overridden task.\",\n      title: \"Attempted to add variadic params to an overridden task\",\n      description: `You can't add variadic param definitions in an overridden task.\nThe only supported param additions for overridden tasks are flags\nand optional params.\n\nPlease double check your task definitions.`,\n      shouldBeReported: false\n    },\n    CLI_ARGUMENT_TYPE_REQUIRED: {\n      number: 212,\n      title: \"Invalid argument type\",\n      message: \"Task %task% is not a subtask but one of its arguments uses the type %type%, which is not parseable.\",\n      description: `Tasks that can be invoked from the command line require CLIArgumentType types for their arguments.\n\nWhat makes these types special is that they can be represented as strings, so you can write them down in the terminal.`,\n      shouldBeReported: false\n    }\n  },\n  ARGUMENTS: {\n    INVALID_ENV_VAR_VALUE: {\n      number: 300,\n      message: \"Invalid environment variable %varName%'s value: %value%\",\n      title: \"Invalid environment variable value\",\n      description: `You are setting one of Hardhat's arguments using an environment variable, but it has an incorrect value.\n\nPlease double check your environment variables.`,\n      shouldBeReported: false\n    },\n    INVALID_VALUE_FOR_TYPE: {\n      number: 301,\n      message: \"Invalid value %value% for argument %name% of type %type%\",\n      title: \"Invalid argument type\",\n      description: `One of your Hardhat or task arguments has an invalid type.\n\nPlease double check your arguments.`,\n      shouldBeReported: false\n    },\n    INVALID_INPUT_FILE: {\n      number: 302,\n      message: \"Invalid argument %name%: File %value% doesn't exist or is not a readable file.\",\n      title: \"Invalid file argument\",\n      description: `One of your tasks expected a file as an argument, but you provided a\nnonexistent or non-readable file.\n\nPlease double check your arguments.`,\n      shouldBeReported: false\n    },\n    UNRECOGNIZED_TASK: {\n      number: 303,\n      message: \"Unrecognized task %task%\",\n      title: \"Unrecognized task\",\n      description: `Tried to run a nonexistent task.\n\nPlease double check the name of the task you are trying to run.`,\n      shouldBeReported: false\n    },\n    UNRECOGNIZED_COMMAND_LINE_ARG: {\n      number: 304,\n      message: \"Unrecognised command line argument %argument%.\\nNote that task arguments must come after the task name.\",\n      title: \"Unrecognized command line argument\",\n      description: `Hardhat couldn't recognize one of your command line arguments.\n\nThis may be because you are writing it before the task name. It should come after it.\n\nPlease double check how you invoked Hardhat.`,\n      shouldBeReported: false\n    },\n    UNRECOGNIZED_PARAM_NAME: {\n      number: 305,\n      message: \"Unrecognized param %param%\",\n      title: \"Unrecognized param\",\n      description: `Hardhat couldn't recognize one of your tasks' parameters.\n\nPlease double check how you invoked Hardhat or ran your task.`,\n      shouldBeReported: false\n    },\n    MISSING_TASK_ARGUMENT: {\n      number: 306,\n      message: \"The '%param%' parameter of task '%task%' expects a value, but none was passed.\",\n      title: \"Missing task argument\",\n      description: `You tried to run a task, but one of its required arguments was missing.\n\nPlease double check how you invoked Hardhat or ran your task.`,\n      shouldBeReported: false\n    },\n    MISSING_POSITIONAL_ARG: {\n      number: 307,\n      message: \"Missing positional argument %param%\",\n      title: \"Missing task positional argument\",\n      description: `You tried to run a task, but one of its required arguments was missing.\n\nPlease double check how you invoked Hardhat or ran your task.`,\n      shouldBeReported: false\n    },\n    UNRECOGNIZED_POSITIONAL_ARG: {\n      number: 308,\n      message: \"Unrecognized positional argument %argument%\",\n      title: \"Unrecognized task positional argument\",\n      description: `You tried to run a task with more positional arguments than expected.\n\nPlease double check how you invoked Hardhat or ran your task.`,\n      shouldBeReported: false\n    },\n    REPEATED_PARAM: {\n      number: 309,\n      message: \"Repeated parameter %param%\",\n      title: \"Repeated task parameter\",\n      description: `You tried to run a task with a repeated parameter.\n\nPlease double check how you invoked Hardhat or ran your task.`,\n      shouldBeReported: false\n    },\n    PARAM_NAME_INVALID_CASING: {\n      number: 310,\n      message: \"Invalid param %param%. Command line params must be lowercase.\",\n      title: \"Invalid casing in command line parameter\",\n      description: `You tried to run hardhat with a parameter with invalid casing. They must be lowercase.\n\nPlease double check how you invoked Hardhat.`,\n      shouldBeReported: false\n    },\n    INVALID_JSON_ARGUMENT: {\n      number: 311,\n      message: \"Error parsing JSON value for argument %param%: %error%\",\n      title: \"Invalid JSON parameter\",\n      description: `You tried to run a task with an invalid JSON parameter.\n\nPlease double check how you invoked Hardhat or ran your task.`,\n      shouldBeReported: false\n    },\n    RUNNING_SUBTASK_FROM_CLI: {\n      number: 312,\n      title: \"Subtask run from the command line\",\n      message: \"Trying to run the %name% subtask from the CLI\",\n      description: `You tried to run a subtask from the command line.\n\nThis is not supported. Please run the help task to see the available options.`,\n      shouldBeReported: false\n    },\n    TYPECHECK_USED_IN_JAVASCRIPT_PROJECT: {\n      number: 313,\n      title: \"The --typecheck flag was used in a javascript project\",\n      message: \"Trying to use the --typecheck flag, but the project is not in typescript\",\n      description: `You tried to run Hardhat with the \\`--typecheck\\` flag in a javascript project.\n\nThis flag can only be used in typescript projects.`,\n      shouldBeReported: false\n    }\n  },\n  RESOLVER: {\n    FILE_NOT_FOUND: {\n      number: 400,\n      message: \"File %file% doesn't exist.\",\n      title: \"Solidity file not found\",\n      description: `Tried to resolve a nonexistent Solidity file as an entry-point.`,\n      shouldBeReported: false\n    },\n    LIBRARY_NOT_INSTALLED: {\n      number: 401,\n      message: \"Library %library% is not installed.\",\n      title: \"Solidity library not installed\",\n      description: `One of your Solidity sources imports a library that is not installed.\n\nPlease double check your imports or install the missing dependency.`,\n      shouldBeReported: false\n    },\n    LIBRARY_FILE_NOT_FOUND: {\n      number: 402,\n      message: \"File %file% doesn't exist.\",\n      title: \"Missing library file\",\n      description: `One of your libraries' files was imported but doesn't exist.\n\nPlease double check your imports or update your libraries.`,\n      shouldBeReported: false\n    },\n    ILLEGAL_IMPORT: {\n      number: 403,\n      message: \"Illegal import %imported% from %from%\",\n      title: \"Illegal Solidity import\",\n      description: `One of your libraries tried to use a relative import to import a file outside of its scope.\n\nThis is disabled for security reasons.`,\n      shouldBeReported: false\n    },\n    IMPORTED_FILE_NOT_FOUND: {\n      number: 404,\n      message: \"File %imported%, imported from %from%, not found.\",\n      title: \"Imported file not found\",\n      description: `One of your source files imported a nonexistent file.\n\nPlease double check your imports.`,\n      shouldBeReported: false\n    },\n    INVALID_IMPORT_BACKSLASH: {\n      number: 405,\n      message: \"Invalid import %imported% from %from%. Imports must use / instead of \\\\, even in Windows\",\n      title: \"Invalid import: use / instead of \\\\\",\n      description: `A Solidity file is trying to import another file via relative path and is using backslashes (\\\\\\\\) instead of slashes (/).\n\nYou must always use slashes (/) in Solidity imports.`,\n      shouldBeReported: false\n    },\n    INVALID_IMPORT_PROTOCOL: {\n      number: 406,\n      message: \"Invalid import %imported% from %from%. Hardhat doesn't support imports via %protocol%.\",\n      title: \"Invalid import: trying to use an unsupported protocol\",\n      description: `A Solidity file is trying to import a file using an unsupported protocol, like http.\n\nYou can only import files that are available locally or installed through npm.`,\n      shouldBeReported: false\n    },\n    INVALID_IMPORT_ABSOLUTE_PATH: {\n      number: 407,\n      message: \"Invalid import %imported% from %from%. Hardhat doesn't support imports with absolute paths.\",\n      title: \"Invalid import: absolute paths unsupported\",\n      description: `A Solidity file is trying to import a file using its absolute path.\n\nThis is not supported, as it would lead to hard-to-reproduce compilations.`,\n      shouldBeReported: false\n    },\n    INVALID_IMPORT_OUTSIDE_OF_PROJECT: {\n      number: 408,\n      message: \"Invalid import %imported% from %from%. The file being imported is outside of the project\",\n      title: \"Invalid import: file outside of the project\",\n      description: `A Solidity file is trying to import a file that is outside of the project.\n\nThis is not supported by Hardhat.`,\n      shouldBeReported: false\n    },\n    INVALID_IMPORT_WRONG_CASING: {\n      number: 409,\n      message: \"Trying to import %imported% from %from%, but it has an incorrect casing.\",\n      title: \"Invalid import: wrong file casing\",\n      description: `A Solidity file is trying to import a file but its source name casing was wrong.\n\nHardhat's compiler is case sensitive to ensure projects are portable across different operating systems.`,\n      shouldBeReported: false\n    },\n    WRONG_SOURCE_NAME_CASING: {\n      number: 410,\n      message: \"Trying to resolve the file %incorrect% but its correct case-sensitive name is %correct%\",\n      title: \"Incorrect source name casing\",\n      description: `You tried to resolve a Solidity file with an incorrect casing.\n\nHardhat's compiler is case sensitive to ensure projects are portable across different operating systems.`,\n      shouldBeReported: false\n    },\n    IMPORTED_LIBRARY_NOT_INSTALLED: {\n      number: 411,\n      message: \"The library %library%, imported from %from%, is not installed. Try installing it using npm.\",\n      title: \"Invalid import: library not installed\",\n      description: `A Solidity file is trying to import another which belongs to a library that is not installed.\n\nTry installing the library using npm.`,\n      shouldBeReported: false\n    },\n    INCLUDES_OWN_PACKAGE_NAME: {\n      number: 412,\n      message: \"Invalid import %imported% from %from%. Trying to import file using the own package's name.\",\n      title: \"Invalid import: includes own package's name\",\n      description: `A Solidity file is trying to import another using its own package name. This is most likely caused by an existing symlink for the package in your node_modules.\n\nUse a relative import instead of referencing the package's name.`,\n      shouldBeReported: false\n    },\n    IMPORTED_MAPPED_FILE_NOT_FOUND: {\n      number: 413,\n      message: \"File %importName% => %imported%, imported from %from%, not found.\",\n      title: \"Imported mapped file not found\",\n      description: `One of your source files imported a nonexistent or not installed file.\n\nPlease double check your imports and installed libraries.`,\n      shouldBeReported: false\n    }\n  },\n  SOLC: {\n    INVALID_VERSION: {\n      number: 500,\n      message: `Solidity version %version% is invalid or hasn't been released yet.\n\nIf you are certain it has been released, run \"npx hardhat clean --global\" and try again`,\n      title: \"Invalid or unreleased `solc` version\",\n      description: `The Solidity version in your config is invalid or hasn't been released yet.\n\nIf you are certain it has been released, run \\`npx hardhat clean --global\\` and try again.`,\n      shouldBeReported: false\n    },\n    DOWNLOAD_FAILED: {\n      number: 501,\n      message: \"Couldn't download compiler version %remoteVersion%. Please check your internet connection and try again.\",\n      title: \"`solc` download failed\",\n      description: `Couldn't download \\`solc\\`.\n\nPlease check your internet connection and try again.`,\n      shouldBeReported: false\n    },\n    VERSION_LIST_DOWNLOAD_FAILED: {\n      number: 502,\n      message: \"Couldn't download compiler version list. Please check your internet connection and try again.\",\n      title: \"Couldn't obtain `solc` version list\",\n      description: `Couldn't download \\`solc\\`'s version list.\n\nPlease check your internet connection and try again.`,\n      shouldBeReported: false\n    },\n    INVALID_DOWNLOAD: {\n      number: 503,\n      message: `Couldn't download compiler version %remoteVersion%: Checksum verification failed.\n\nPlease check your internet connection and try again.\n\nIf this error persists, run \"npx hardhat clean --global\".`,\n      title: \"Downloaded `solc` checksum verification failed\",\n      description: `Hardhat downloaded a version of the Solidity compiler, and its checksum verification failed.\n\nPlease check your internet connection and try again.\n\nIf this error persists, run \\`npx hardhat clean --global\\`.`,\n      shouldBeReported: false\n    },\n    CANT_GET_COMPILER: {\n      number: 504,\n      message: \"The solc compiler couldn't be obtained for version %version%\",\n      title: \"The solc compiler couldn't be obtained\",\n      description: `Hardhat couldn't obtain a valid solc compiler.\n\nPlease [report it](https://github.com/nomiclabs/hardhat/issues/new) to help us improve Hardhat.`,\n      shouldBeReported: true\n    },\n    CANT_RUN_NATIVE_COMPILER: {\n      number: 505,\n      message: `A native version of solc failed to run.\n\nIf you are running MacOS, try installing Apple Rosetta.\n\nIf this error persists, run \"npx hardhat clean --global\".`,\n      title: \"Failed to run native solc\",\n      description: `Hardhat successfully downloaded a native version of solc but it doesn't run.\n\nIf you are running MacOS, try installing Apple Rosetta.\n\nIf this error persists, run \"npx hardhat clean --global\".`,\n      shouldBeReported: false\n    }\n  },\n  BUILTIN_TASKS: {\n    COMPILE_FAILURE: {\n      number: 600,\n      message: \"Compilation failed\",\n      title: \"Compilation failed\",\n      description: `Your smart contracts failed to compile.\n\nPlease check Hardhat's output for more details.`,\n      shouldBeReported: false\n    },\n    RUN_FILE_NOT_FOUND: {\n      number: 601,\n      message: \"Script %script% doesn't exist.\",\n      title: \"Script doesn't exist\",\n      description: `Tried to use \\`hardhat run\\` to execute a nonexistent script.\n\nPlease double check your script's path.`,\n      shouldBeReported: false\n    },\n    RUN_SCRIPT_ERROR: {\n      number: 602,\n      message: \"Error running script {%script%}: %error%\",\n      title: \"Error running script\",\n      description: `Running a script resulted in an error.\n\nPlease check Hardhat's output for more details.`,\n      shouldBeReported: false\n    },\n    FLATTEN_CYCLE: {\n      number: 603,\n      message: \"Hardhat flatten doesn't support cyclic dependencies.\",\n      title: \"Flatten detected cyclic dependencies\",\n      description: `Hardhat flatten doesn't support cyclic dependencies.\n\nWe recommend not using this kind of dependency.`,\n      shouldBeReported: false\n    },\n    JSONRPC_SERVER_ERROR: {\n      number: 604,\n      message: \"Error running JSON-RPC server: %error%\",\n      title: \"Error running JSON-RPC server\",\n      description: `There was error while starting the JSON-RPC HTTP server.`,\n      shouldBeReported: false\n    },\n    JSONRPC_UNSUPPORTED_NETWORK: {\n      number: 605,\n      message: \"Unsupported network for JSON-RPC server. Only hardhat is currently supported.\",\n      title: \"Unsupported network for JSON-RPC server.\",\n      description: `JSON-RPC server can only be started when running the Hardhat Network.\n\nTo start the JSON-RPC server, retry the command without the --network parameter.`,\n      shouldBeReported: false\n    },\n    COMPILATION_JOBS_CREATION_FAILURE: {\n      number: 606,\n      message: `The project cannot be compiled, see reasons below.\n\n%reasons%`,\n      title: \"The project cannot be compiled\",\n      description: `The project cannot be compiled with the current settings.`,\n      shouldBeReported: false\n    },\n    NODE_FORK_BLOCK_NUMBER_WITHOUT_URL: {\n      number: 607,\n      message: `You specified a fork block number but not an URL.`,\n      title: \"Missing fork URL\",\n      description: `You passed a block number to fork from, but not a URL. Hardhat cannot fork\nif the URL of the JSON-RPC wasn't set.`,\n      shouldBeReported: false\n    },\n    COMPILE_TASK_UNSUPPORTED_SOLC_VERSION: {\n      number: 608,\n      message: `Version %version% is not supported by Hardhat.\n\nThe first supported version is %firstSupportedVersion%`,\n      title: \"Unsupported solc version\",\n      description: `This version of solidity is not supported by Hardhtat.\nPlease use a newer, supported version.`,\n      shouldBeReported: true\n    }\n  },\n  ARTIFACTS: {\n    NOT_FOUND: {\n      number: 700,\n      message: 'Artifact for contract \"%contractName%\" not found. %suggestion%',\n      title: \"Artifact not found\",\n      description: `Tried to import a nonexistent artifact.\n\nPlease double check that your contracts have been compiled and double check your artifact's name.`,\n      shouldBeReported: false\n    },\n    MULTIPLE_FOUND: {\n      number: 701,\n      message: `There are multiple artifacts for contract \"%contractName%\", please use a fully qualified name.\n\nPlease replace %contractName% for one of these options wherever you are trying to read its artifact:\n\n%candidates%\n`,\n      title: \"Multiple artifacts found\",\n      description: `There are multiple artifacts that match the given contract name, and Hardhat doesn't know which one to use.\n\nPlease use the fully qualified name of the contract to disambiguate it.`,\n      shouldBeReported: false\n    },\n    WRONG_CASING: {\n      number: 702,\n      message: \"Invalid artifact path %incorrect%, its correct case-sensitive path is %correct%\",\n      title: \"Incorrect artifact path casing\",\n      description: `You tried to get an artifact file with an incorrect casing.\n\nHardhat's artifact resolution is case sensitive to ensure projects are portable across different operating systems.`,\n      shouldBeReported: true\n    }\n  },\n  PLUGINS: {\n    BUIDLER_PLUGIN: {\n      number: 800,\n      message: `You are using %plugin%, which is a Buidler plugin. Use the equivalent\nHardhat plugin instead.`,\n      title: \"Using a buidler plugin\",\n      description: `You are trying to use a Buidler plugin in Hardhat. This is not supported.\n\nPlease use the equivalent Hardhat plugin instead.`,\n      shouldBeReported: false\n    },\n    MISSING_DEPENDENCIES: {\n      number: 801,\n      message: `Plugin %plugin% requires the following dependencies to be installed: %missingDependencies%.\nPlease run: npm install --save-dev %missingDependenciesVersions%`,\n      title: \"Plugin dependencies not installed\",\n      description: `You are trying to use a plugin with unmet dependencies.\n\nPlease follow Hardhat's instructions to resolve this.`,\n      shouldBeReported: false\n    }\n  },\n  INTERNAL: {\n    TEMPLATE_INVALID_VARIABLE_NAME: {\n      number: 900,\n      message: \"Variable names can only include ascii letters and numbers, and start with a letter, but got %variable%\",\n      title: \"Invalid error message template\",\n      description: `An error message template contains an invalid variable name. This is a bug.\n\nPlease [report it](https://github.com/nomiclabs/hardhat/issues/new) to help us improve Hardhat.`,\n      shouldBeReported: true\n    },\n    TEMPLATE_VALUE_CONTAINS_VARIABLE_TAG: {\n      number: 901,\n      message: \"Template values can't include variable tags, but %variable%'s value includes one\",\n      title: \"Invalid error message replacement\",\n      description: `Tried to replace an error message variable with a value that contains another variable name. This is a bug.\n\nPlease [report it](https://github.com/nomiclabs/hardhat/issues/new) to help us improve Hardhat.`,\n      shouldBeReported: true\n    },\n    TEMPLATE_VARIABLE_TAG_MISSING: {\n      number: 902,\n      message: \"Variable %variable%'s tag not present in the template\",\n      title: \"Missing replacement value from error message template\",\n      description: `An error message template is missing a replacement value. This is a bug.\n\nPlease [report it](https://github.com/nomiclabs/hardhat/issues/new) to help us improve Hardhat.`,\n      shouldBeReported: true\n    },\n    WRONG_ARTIFACT_PATH: {\n      number: 903,\n      message: \"The inferred artifact path for contract %contractName% is %artifactPath%, but this file doesn't exist\",\n      title: \"Inferred artifact path doesn't exist\",\n      description: `The inferred artifact path doesn't exist.\n\nPlease [report it](https://github.com/nomiclabs/hardhat/issues/new) to help us improve Hardhat.`,\n      shouldBeReported: true\n    }\n  },\n  SOURCE_NAMES: {\n    INVALID_SOURCE_NAME_ABSOLUTE_PATH: {\n      number: 1000,\n      message: \"Invalid source name %name%. Expected source name but found an absolute path.\",\n      title: \"Invalid source name: absolute path\",\n      description: `A Solidity source name was expected, but an absolute path was given.\n\nIf you aren't overriding compilation-related tasks, please report this as a bug.`,\n      shouldBeReported: true\n    },\n    INVALID_SOURCE_NAME_RELATIVE_PATH: {\n      number: 1001,\n      message: \"Invalid source name %name%. Expected source name but found a relative path.\",\n      title: \"Invalid source name: relative path\",\n      description: `A Solidity source name was expected, but a relative path was given.\n\nIf you aren't overriding compilation-related tasks, please report this as a bug.`,\n      shouldBeReported: true\n    },\n    INVALID_SOURCE_NAME_BACKSLASHES: {\n      number: 1002,\n      message: \"Invalid source %name%. The source name uses backslashes (\\\\) instead of slashes (/).\",\n      title: \"Invalid source name: backslashes\",\n      description: `A Solidity source name was invalid because it uses backslashes (\\\\\\\\) instead of slashes (/).\n\nIf you aren't overriding compilation-related tasks, please report this as a bug.`,\n      shouldBeReported: true\n    },\n    INVALID_SOURCE_NOT_NORMALIZED: {\n      number: 1003,\n      message: \"Invalid source name %name%. Source names must be normalized\",\n      title: \"Invalid source name: not normalized\",\n      description: `A Solidity source name was invalid because it wasn't normalized. It probably contains some \".\" or \"..\".\n\nIf you aren't overriding compilation-related tasks, please report this as a bug.`,\n      shouldBeReported: true\n    },\n    WRONG_CASING: {\n      number: 1004,\n      message: \"Invalid source map %incorrect%, its correct case-sensitive source name is %correct%\",\n      title: \"Incorrect source name casing\",\n      description: `You tried to resolve a Solidity file with an incorrect casing.\n\nHardhat's compiler is case sensitive to ensure projects are portable across different operating systems.`,\n      shouldBeReported: true\n    },\n    FILE_NOT_FOUND: {\n      number: 1005,\n      message: \"Solidity source file %name% not found\",\n      title: \"Solidity source file not found\",\n      description: `A source name should correspond to an existing Solidity file but it doesn't.\n\nHardhat's compiler is case sensitive to ensure projects are portable across different operating systems.`,\n      shouldBeReported: true\n    },\n    NODE_MODULES_AS_LOCAL: {\n      number: 1006,\n      message: \"The file %path% is treated as local but is inside a node_modules directory\",\n      title: \"File from node_modules treated as local\",\n      description: `A file was treated as local but is inside a node_modules directory.\n\nIf you aren't overriding compilation-related tasks, please report this as a bug.`,\n      shouldBeReported: true\n    },\n    EXTERNAL_AS_LOCAL: {\n      number: 1007,\n      message: \"The file %path% is treated as local but is outside the project\",\n      title: \"File from outside the project treated as local\",\n      description: `A file was treated as local but is outside the project.\n\nIf you aren't overriding compilation-related tasks, please report this as a bug.`,\n      shouldBeReported: true\n    }\n  },\n  CONTRACT_NAMES: {\n    INVALID_FULLY_QUALIFIED_NAME: {\n      number: 1100,\n      message: \"Invalid fully qualified contract name %name%.\",\n      title: \"Invalid fully qualified contract name\",\n      description: `A contract name was expected to be in fully qualified form, but it's not.\n\nA fully qualified name should look like file.sol:Contract`,\n      shouldBeReported: false\n    }\n  }\n};\n/**\n * Setting the type of ERRORS to a map let us access undefined ones. Letting it\n * be a literal doesn't enforce that its values are of type ErrorDescriptor.\n *\n * We let it be a literal, and use this variable to enforce the types\n */\nconst _PHONY_VARIABLE_TO_FORCE_ERRORS_TO_BE_OF_TYPE_ERROR_DESCRIPTOR = exports.ERRORS;","map":{"version":3,"mappings":";;;;;;AAAaA,oBAAY,GAAG,IAAI;AAYhC,SAAgBC,YAAY,CAACC,KAAsB;EACjD,OAAO,GAAGF,oBAAY,GAAGE,KAAK,CAACC,MAAM,EAAE;AACzC;AAFAH;AAIaA,oBAAY,GAMrB;EACFI,OAAO,EAAE;IAAEC,GAAG,EAAE,CAAC;IAAEC,GAAG,EAAE,EAAE;IAAEC,KAAK,EAAE;EAAgB,CAAE;EACrDC,OAAO,EAAE;IAAEH,GAAG,EAAE,GAAG;IAAEC,GAAG,EAAE,GAAG;IAAEC,KAAK,EAAE;EAAwB,CAAE;EAChEE,gBAAgB,EAAE;IAChBJ,GAAG,EAAE,GAAG;IACRC,GAAG,EAAE,GAAG;IACRC,KAAK,EAAE;GACR;EACDG,SAAS,EAAE;IAAEL,GAAG,EAAE,GAAG;IAAEC,GAAG,EAAE,GAAG;IAAEC,KAAK,EAAE;EAA0B,CAAE;EACpEI,QAAQ,EAAE;IACRN,GAAG,EAAE,GAAG;IACRC,GAAG,EAAE,GAAG;IACRC,KAAK,EAAE;GACR;EACDK,IAAI,EAAE;IAAEP,GAAG,EAAE,GAAG;IAAEC,GAAG,EAAE,GAAG;IAAEC,KAAK,EAAE;EAAyB,CAAE;EAC9DM,aAAa,EAAE;IAAER,GAAG,EAAE,GAAG;IAAEC,GAAG,EAAE,GAAG;IAAEC,KAAK,EAAE;EAAuB,CAAE;EACrEO,SAAS,EAAE;IAAET,GAAG,EAAE,GAAG;IAAEC,GAAG,EAAE,GAAG;IAAEC,KAAK,EAAE;EAA0B,CAAE;EACpEQ,OAAO,EAAE;IAAEV,GAAG,EAAE,GAAG;IAAEC,GAAG,EAAE,GAAG;IAAEC,KAAK,EAAE;EAAsB,CAAE;EAC9DS,QAAQ,EAAE;IAAEX,GAAG,EAAE,GAAG;IAAEC,GAAG,EAAE,GAAG;IAAEC,KAAK,EAAE;EAAyB,CAAE;EAClEU,YAAY,EAAE;IAAEZ,GAAG,EAAE,IAAI;IAAEC,GAAG,EAAE,IAAI;IAAEC,KAAK,EAAE;EAAoB,CAAE;EACnEW,cAAc,EAAE;IAAEb,GAAG,EAAE,IAAI;IAAEC,GAAG,EAAE,IAAI;IAAEC,KAAK,EAAE;EAAsB;CACtE;AAEYP,cAAM,GAAG;EACpBI,OAAO,EAAE;IACPe,kBAAkB,EAAE;MAClBhB,MAAM,EAAE,CAAC;MACTiB,OAAO,EAAE,uCAAuC;MAChDb,KAAK,EAAE,sCAAsC;MAC7Cc,WAAW,EAAE;;+GAE4F;MACzGC,gBAAgB,EAAE;KACnB;IACDC,oBAAoB,EAAE;MACpBpB,MAAM,EAAE,CAAC;MACTiB,OAAO,EACL,2EAA2E;MAC7Eb,KAAK,EAAE,qBAAqB;MAC5Bc,WAAW,EAAE;;sDAEmC;MAChDC,gBAAgB,EAAE;KACnB;IACDE,qBAAqB,EAAE;MACrBrB,MAAM,EAAE,CAAC;MACTiB,OAAO,EAAE,0CAA0C;MACnDb,KAAK,EAAE,uBAAuB;MAC9Bc,WAAW,EAAE;;;;gGAI6E;MAC1FC,gBAAgB,EAAE;KACnB;IACDG,uBAAuB,EAAE;MACvBtB,MAAM,EAAE,CAAC;MACTiB,OAAO,EAAE,oCAAoC;MAC7Cb,KAAK,EAAE,iCAAiC;MACxCc,WAAW,EAAE;;gGAE6E;MAC1FC,gBAAgB,EAAE;KACnB;IACDI,mBAAmB,EAAE;MACnBvB,MAAM,EAAE,CAAC;MACTiB,OAAO,EAAE,gCAAgC;MACzCb,KAAK,EAAE,4BAA4B;MACnCc,WAAW,EAAE;;gGAE6E;MAC1FC,gBAAgB,EAAE;KACnB;IACDK,uBAAuB,EAAE;MACvBxB,MAAM,EAAE,CAAC;MACTiB,OAAO,EACL,mEAAmE;MACrEb,KAAK,EAAE,yCAAyC;MAChDc,WAAW,EAAE;;gGAE6E;MAC1FC,gBAAgB,EAAE;KACnB;IACDM,2BAA2B,EAAE;MAC3BzB,MAAM,EAAE,CAAC;MACTiB,OAAO,EACL,sEAAsE;MACxEb,KAAK,EAAE,uDAAuD;MAC9Dc,WAAW,EAAE;;gGAE6E;MAC1FC,gBAAgB,EAAE;KACnB;IACDO,cAAc,EAAE;MACd1B,MAAM,EAAE,CAAC;MACTiB,OAAO,EAAE;;;;sFAIuE;MAChFb,KAAK,EAAE,wBAAwB;MAC/Bc,WAAW,EAAE;;8GAE2F;MACxGC,gBAAgB,EAAE;KACnB;IACDQ,4BAA4B,EAAE;MAC5B3B,MAAM,EAAE,CAAC;MACTiB,OAAO,EAAE;;;;;wHAKyG;MAClHb,KAAK,EAAE,4BAA4B;MACnCc,WAAW,EAAE;;;;;;;;;wHASqG;MAClHC,gBAAgB,EAAE;KACnB;IACDS,oBAAoB,EAAE;MACpB5B,MAAM,EAAE,EAAE;MACViB,OAAO,EAAE;kGACmF;MAC5Fb,KAAK,EAAE,uCAAuC;MAC9Cc,WAAW,EAAE;;;;gGAI6E;MAC1FC,gBAAgB,EAAE;KACnB;IACDU,eAAe,EAAE;MACf7B,MAAM,EAAE,EAAE;MACViB,OAAO,EAAE,+CAA+C;MACxDb,KAAK,EAAE,qBAAqB;MAC5Bc,WAAW,EAAE;;;gGAG6E;MAC1FC,gBAAgB,EAAE;KACnB;IACDW,sBAAsB,EAAE;MACtB9B,MAAM,EAAE,EAAE;MACViB,OAAO,EACL,8IAA8I;MAChJb,KAAK,EAAE,gDAAgD;MACvDc,WAAW,EAAE;;iEAE8C;MAC3DC,gBAAgB,EAAE;KACnB;IACDY,qBAAqB,EAAE;MACrB/B,MAAM,EAAE,EAAE;MACViB,OAAO,EAAE;;2CAE4B;MACrCb,KAAK,EAAE,uBAAuB;MAC9Bc,WAAW,EAAE;;kEAE+C;MAC5DC,gBAAgB,EAAE;KACnB;IACDa,wBAAwB,EAAE;MACxBhC,MAAM,EAAE,EAAE;MACViB,OAAO,EAAE;;8CAE+B;MACxCb,KAAK,EAAE,0BAA0B;MACjCc,WAAW,EAAE;;qEAEkD;MAC/DC,gBAAgB,EAAE;KACnB;IACDc,6BAA6B,EAAE;MAC7BjC,MAAM,EAAE,EAAE;MACViB,OAAO,EAAE;;;CAGd;MACKb,KAAK,EACH,iFAAiF;MACnFc,WAAW,EAAE;;;;+GAI4F;MACzGC,gBAAgB,EAAE;KACnB;IACDe,iBAAiB,EAAE;MACjBlC,MAAM,EAAE,EAAE;MACViB,OAAO,EAAE;;;;oEAIqD;MAC9Db,KAAK,EAAE,2CAA2C;MAClDc,WAAW,EAAE;;wEAEqD;MAClEC,gBAAgB,EAAE;KACnB;IACDgB,kBAAkB,EAAE;MAClBnC,MAAM,EAAE,EAAE;MACViB,OAAO,EAAE,6DAA6D;MACtEb,KAAK,EAAE,oBAAoB;MAC3Bc,WAAW,EACT,6HAA6H;MAC/HC,gBAAgB,EAAE;KACnB;IACDiB,kBAAkB,EAAE;MAClBpC,MAAM,EAAE,EAAE;MACViB,OAAO,EAAE;;2FAE4E;MACrFb,KAAK,EAAE,oBAAoB;MAC3Bc,WAAW,EAAE;;;;;;4KAMyJ;MACtKC,gBAAgB,EAAE;;GAErB;EACDd,OAAO,EAAE;IACPgC,gBAAgB,EAAE;MAChBrC,MAAM,EAAE,GAAG;MACXiB,OAAO,EAAE,iCAAiC;MAC1Cb,KAAK,EAAE,gCAAgC;MACvCc,WAAW,EAAE;;wIAEqH;MAClIC,gBAAgB,EAAE;KACnB;IACDmB,uBAAuB,EAAE;MACvBtC,MAAM,EAAE,GAAG;MACXiB,OAAO,EACL,wGAAwG;MAC1Gb,KAAK,EAAE,gCAAgC;MACvCc,WAAW,EAAE;;wDAEqC;MAClDC,gBAAgB,EAAE;KACnB;IACDoB,0BAA0B,EAAE;MAC1BvC,MAAM,EAAE,GAAG;MACXiB,OAAO,EAAE,6CAA6C;MACtDb,KAAK,EAAE,6CAA6C;MACpDc,WAAW,EAAE;;wDAEqC;MAClDC,gBAAgB,EAAE;KACnB;IACDqB,iBAAiB,EAAE;MACjBxC,MAAM,EAAE,GAAG;MACXiB,OAAO,EACL,oEAAoE;MACtEb,KAAK,EAAE,sBAAsB;MAC7Bc,WAAW,EAAE;;;gFAG6D;MAC1EC,gBAAgB,EAAE;KACnB;IACDsB,gCAAgC,EAAE;MAChCzC,MAAM,EAAE,GAAG;MACXiB,OAAO,EAAE,uDAAuD;MAChEb,KAAK,EAAE,+BAA+B;MACtCc,WAAW,EAAE;;;mDAGgC;MAC7CC,gBAAgB,EAAE;KACnB;IACDuB,2BAA2B,EAAE;MAC3B1C,MAAM,EAAE,GAAG;MACXiB,OAAO,EACL,qEAAqE;MACvEb,KAAK,EAAE,8BAA8B;MACrCc,WAAW,EAAE;;gEAE6C;MAC1DC,gBAAgB,EAAE;KACnB;IACDwB,eAAe,EAAE;MACf3C,MAAM,EAAE,GAAG;MACXiB,OAAO,EACL,4EAA4E;MAC9Eb,KAAK,EAAE,iBAAiB;MACxBc,WAAW,EAAE;;wIAEqH;MAClIC,gBAAgB,EAAE;KACnB;IACDyB,0BAA0B,EAAE;MAC1B5C,MAAM,EAAE,GAAG;MACXiB,OAAO,EACL,4FAA4F;MAC9Fb,KAAK,EAAE,wBAAwB;MAC/Bc,WAAW,EAAE;;mFAEgE;MAC7EC,gBAAgB,EAAE;KACnB;IACD0B,mBAAmB,EAAE;MACnB7C,MAAM,EAAE,GAAG;MACXiB,OAAO,EAAE;8FAC+E;MACxFb,KAAK,EAAE,+BAA+B;MACtCc,WAAW,EAAE;;+FAE4E;MACzFC,gBAAgB,EAAE;KACnB;IACD2B,eAAe,EAAE;MACf9C,MAAM,EAAE,GAAG;MACXiB,OAAO,EAAE;0DAC2C;MACpDb,KAAK,EAAE,iBAAiB;MACxBc,WAAW,EAAE;;+FAE4E;MACzFC,gBAAgB,EAAE;KACnB;IACD4B,qBAAqB,EAAE;MACrB/C,MAAM,EAAE,GAAG;MACXiB,OAAO,EAAE,gDAAgD;MACzDb,KAAK,EAAE,2BAA2B;MAClCc,WAAW,EAAE;;+FAE4E;MACzFC,gBAAgB,EAAE;KACnB;IACD6B,eAAe,EAAE;MACfhD,MAAM,EAAE,GAAG;MACXiB,OAAO,EACL,yGAAyG;MAC3Gb,KAAK,EAAE,4BAA4B;MACnCc,WAAW,EAAE;;kDAE+B;MAC5CC,gBAAgB,EAAE;KACnB;IACD8B,sBAAsB,EAAE;MACtBjD,MAAM,EAAE,GAAG;MACXiB,OAAO,EACL,wFAAwF;MAC1Fb,KAAK,EAAE,wBAAwB;MAC/Bc,WAAW,EAAE;;mFAEgE;MAC7EC,gBAAgB,EAAE;KACnB;IACD+B,wCAAwC,EAAE;MACxClD,MAAM,EAAE,GAAG;MACXiB,OAAO,EAAE,yDAAyD;MAClEb,KAAK,EAAE,yDAAyD;MAChEc,WAAW,EAAE;2HACwG;MACrHC,gBAAgB,EAAE;KACnB;IACDgC,6BAA6B,EAAE;MAC7BnD,MAAM,EAAE,GAAG;MACXiB,OAAO,EACL,0EAA0E;MAC5Eb,KAAK,EAAE,mCAAmC;MAC1Cc,WAAW,EAAE;;;mDAGgC;MAC7CC,gBAAgB,EAAE;KACnB;IACDiC,wBAAwB,EAAE;MACxBpD,MAAM,EAAE,GAAG;MACXiB,OAAO,EACL,yGAAyG;MAC3Gb,KAAK,EAAE,8BAA8B;MACrCc,WAAW,EAAE;;mDAEgC;MAC7CC,gBAAgB,EAAE;KACnB;IACDkC,kCAAkC,EAAE;MAClCrD,MAAM,EAAE,GAAG;MACXiB,OAAO,EAAE,qDAAqD;MAC9Db,KAAK,EAAE,qDAAqD;MAC5Dc,WAAW,EAAE;;4DAEyC;MACtDC,gBAAgB,EAAE;;GAErB;EACDb,gBAAgB,EAAE;IAChBgD,oBAAoB,EAAE;MACpBtD,MAAM,EAAE,GAAG;MACXiB,OAAO,EACL,+JAA+J;MACjKb,KAAK,EAAE,gCAAgC;MACvCc,WAAW,EAAE;;;;2CAIwB;MACrCC,gBAAgB,EAAE;KACnB;IACDoC,qBAAqB,EAAE;MACrBvD,MAAM,EAAE,GAAG;MACXiB,OAAO,EACL,uFAAuF;MACzFb,KAAK,EAAE,qBAAqB;MAC5Bc,WAAW,EAAE;;2CAEwB;MACrCC,gBAAgB,EAAE;KACnB;IACDqC,gCAAgC,EAAE;MAChCxD,MAAM,EAAE,GAAG;MACXiB,OAAO,EACL,sGAAsG;MACxGb,KAAK,EAAE,oCAAoC;MAC3Cc,WAAW,EAAE;;2CAEwB;MACrCC,gBAAgB,EAAE;KACnB;IACDsC,8BAA8B,EAAE;MAC9BzD,MAAM,EAAE,GAAG;MACXiB,OAAO,EACL,kIAAkI;MACpIb,KAAK,EAAE,2CAA2C;MAClDc,WAAW,EAAE;;2CAEwB;MACrCC,gBAAgB,EAAE;KACnB;IACDuC,cAAc,EAAE;MACd1D,MAAM,EAAE,GAAG;MACXiB,OAAO,EAAE,oCAAoC;MAC7Cb,KAAK,EAAE,qCAAqC;MAC5Cc,WAAW,EAAE;;2CAEwB;MACrCC,gBAAgB,EAAE;KACnB;IACDwC,sBAAsB,EAAE;MACtB3D,MAAM,EAAE,GAAG;MACXiB,OAAO,EACL,4EAA4E;MAC9Eb,KAAK,EAAE,0BAA0B;MACjCc,WAAW,EAAE;;qEAEkD;MAC/DC,gBAAgB,EAAE;KACnB;IACDyC,wBAAwB,EAAE;MACxB5D,MAAM,EAAE,GAAG;MACXiB,OAAO,EACL,0GAA0G;MAC5Gb,KAAK,EAAE,kCAAkC;MACzCc,WAAW,EAAE;;2CAEwB;MACrCC,gBAAgB,EAAE;KACnB;IACD0C,0BAA0B,EAAE;MAC1B7D,MAAM,EAAE,GAAG;MACXiB,OAAO,EACL,0EAA0E;MAC5Eb,KAAK,EAAE,wCAAwC;MAC/Cc,WAAW,EAAE;;2CAEwB;MACrCC,gBAAgB,EAAE;KACnB;IACD2C,yBAAyB,EAAE;MACzB9D,MAAM,EAAE,GAAG;MACXiB,OAAO,EACL,mFAAmF;MACrFb,KAAK,EAAE,kCAAkC;MACzCc,WAAW,EAAE;;2CAEwB;MACrCC,gBAAgB,EAAE;KACnB;IACD4C,4BAA4B,EAAE;MAC5B/D,MAAM,EAAE,GAAG;MACXiB,OAAO,EACL,wIAAwI;MAC1Ib,KAAK,EAAE,yDAAyD;MAChEc,WAAW,EAAE;;;;2CAIwB;MACrCC,gBAAgB,EAAE;KACnB;IACD6C,6BAA6B,EAAE;MAC7BhE,MAAM,EAAE,GAAG;MACXiB,OAAO,EACL,0HAA0H;MAC5Hb,KAAK,EAAE,0DAA0D;MACjEc,WAAW,EAAE;;;;2CAIwB;MACrCC,gBAAgB,EAAE;KACnB;IACD8C,2BAA2B,EAAE;MAC3BjE,MAAM,EAAE,GAAG;MACXiB,OAAO,EACL,wHAAwH;MAC1Hb,KAAK,EAAE,wDAAwD;MAC/Dc,WAAW,EAAE;;;;2CAIwB;MACrCC,gBAAgB,EAAE;KACnB;IACD+C,0BAA0B,EAAE;MAC1BlE,MAAM,EAAE,GAAG;MACXI,KAAK,EAAE,uBAAuB;MAC9Ba,OAAO,EACL,qGAAqG;MACvGC,WAAW,EAAE;;uHAEoG;MACjHC,gBAAgB,EAAE;;GAErB;EACDZ,SAAS,EAAE;IACT4D,qBAAqB,EAAE;MACrBnE,MAAM,EAAE,GAAG;MACXiB,OAAO,EAAE,yDAAyD;MAClEb,KAAK,EAAE,oCAAoC;MAC3Cc,WAAW,EAAE;;gDAE6B;MAC1CC,gBAAgB,EAAE;KACnB;IACDiD,sBAAsB,EAAE;MACtBpE,MAAM,EAAE,GAAG;MACXiB,OAAO,EAAE,0DAA0D;MACnEb,KAAK,EAAE,uBAAuB;MAC9Bc,WAAW,EAAE;;oCAEiB;MAC9BC,gBAAgB,EAAE;KACnB;IACDkD,kBAAkB,EAAE;MAClBrE,MAAM,EAAE,GAAG;MACXiB,OAAO,EACL,gFAAgF;MAClFb,KAAK,EAAE,uBAAuB;MAC9Bc,WAAW,EAAE;;;oCAGiB;MAC9BC,gBAAgB,EAAE;KACnB;IACDmD,iBAAiB,EAAE;MACjBtE,MAAM,EAAE,GAAG;MACXiB,OAAO,EAAE,0BAA0B;MACnCb,KAAK,EAAE,mBAAmB;MAC1Bc,WAAW,EAAE;;gEAE6C;MAC1DC,gBAAgB,EAAE;KACnB;IACDoD,6BAA6B,EAAE;MAC7BvE,MAAM,EAAE,GAAG;MACXiB,OAAO,EACL,yGAAyG;MAC3Gb,KAAK,EAAE,oCAAoC;MAC3Cc,WAAW,EAAE;;;;6CAI0B;MACvCC,gBAAgB,EAAE;KACnB;IACDqD,uBAAuB,EAAE;MACvBxE,MAAM,EAAE,GAAG;MACXiB,OAAO,EAAE,4BAA4B;MACrCb,KAAK,EAAE,oBAAoB;MAC3Bc,WAAW,EAAE;;8DAE2C;MACxDC,gBAAgB,EAAE;KACnB;IACDsD,qBAAqB,EAAE;MACrBzE,MAAM,EAAE,GAAG;MACXiB,OAAO,EACL,gFAAgF;MAClFb,KAAK,EAAE,uBAAuB;MAC9Bc,WAAW,EAAE;;8DAE2C;MACxDC,gBAAgB,EAAE;KACnB;IACDuD,sBAAsB,EAAE;MACtB1E,MAAM,EAAE,GAAG;MACXiB,OAAO,EAAE,qCAAqC;MAC9Cb,KAAK,EAAE,kCAAkC;MACzCc,WAAW,EAAE;;8DAE2C;MACxDC,gBAAgB,EAAE;KACnB;IACDwD,2BAA2B,EAAE;MAC3B3E,MAAM,EAAE,GAAG;MACXiB,OAAO,EAAE,6CAA6C;MACtDb,KAAK,EAAE,uCAAuC;MAC9Cc,WAAW,EAAE;;8DAE2C;MACxDC,gBAAgB,EAAE;KACnB;IACDyD,cAAc,EAAE;MACd5E,MAAM,EAAE,GAAG;MACXiB,OAAO,EAAE,4BAA4B;MACrCb,KAAK,EAAE,yBAAyB;MAChCc,WAAW,EAAE;;8DAE2C;MACxDC,gBAAgB,EAAE;KACnB;IACD0D,yBAAyB,EAAE;MACzB7E,MAAM,EAAE,GAAG;MACXiB,OAAO,EAAE,+DAA+D;MACxEb,KAAK,EAAE,0CAA0C;MACjDc,WAAW,EAAE;;6CAE0B;MACvCC,gBAAgB,EAAE;KACnB;IACD2D,qBAAqB,EAAE;MACrB9E,MAAM,EAAE,GAAG;MACXiB,OAAO,EAAE,wDAAwD;MACjEb,KAAK,EAAE,wBAAwB;MAC/Bc,WAAW,EAAE;;8DAE2C;MACxDC,gBAAgB,EAAE;KACnB;IACD4D,wBAAwB,EAAE;MACxB/E,MAAM,EAAE,GAAG;MACXI,KAAK,EAAE,mCAAmC;MAC1Ca,OAAO,EAAE,+CAA+C;MACxDC,WAAW,EAAE;;8EAE2D;MACxEC,gBAAgB,EAAE;KACnB;IACD6D,oCAAoC,EAAE;MACpChF,MAAM,EAAE,GAAG;MACXI,KAAK,EAAE,uDAAuD;MAC9Da,OAAO,EACL,0EAA0E;MAC5EC,WAAW,EAAE;;mDAEgC;MAC7CC,gBAAgB,EAAE;;GAErB;EACDX,QAAQ,EAAE;IACRyE,cAAc,EAAE;MACdjF,MAAM,EAAE,GAAG;MACXiB,OAAO,EAAE,4BAA4B;MACrCb,KAAK,EAAE,yBAAyB;MAChCc,WAAW,EAAE,iEAAiE;MAC9EC,gBAAgB,EAAE;KACnB;IACD+D,qBAAqB,EAAE;MACrBlF,MAAM,EAAE,GAAG;MACXiB,OAAO,EAAE,qCAAqC;MAC9Cb,KAAK,EAAE,gCAAgC;MACvCc,WAAW,EAAE;;oEAEiD;MAC9DC,gBAAgB,EAAE;KACnB;IACDgE,sBAAsB,EAAE;MACtBnF,MAAM,EAAE,GAAG;MACXiB,OAAO,EAAE,4BAA4B;MACrCb,KAAK,EAAE,sBAAsB;MAC7Bc,WAAW,EAAE;;2DAEwC;MACrDC,gBAAgB,EAAE;KACnB;IACDiE,cAAc,EAAE;MACdpF,MAAM,EAAE,GAAG;MACXiB,OAAO,EAAE,uCAAuC;MAChDb,KAAK,EAAE,yBAAyB;MAChCc,WAAW,EAAE;;uCAEoB;MACjCC,gBAAgB,EAAE;KACnB;IACDkE,uBAAuB,EAAE;MACvBrF,MAAM,EAAE,GAAG;MACXiB,OAAO,EAAE,mDAAmD;MAC5Db,KAAK,EAAE,yBAAyB;MAChCc,WAAW,EAAE;;kCAEe;MAC5BC,gBAAgB,EAAE;KACnB;IACDmE,wBAAwB,EAAE;MACxBtF,MAAM,EAAE,GAAG;MACXiB,OAAO,EACL,0FAA0F;MAC5Fb,KAAK,EAAE,qCAAqC;MAC5Cc,WAAW,EAAE;;qDAEkC;MAC/CC,gBAAgB,EAAE;KACnB;IACDoE,uBAAuB,EAAE;MACvBvF,MAAM,EAAE,GAAG;MACXiB,OAAO,EACL,wFAAwF;MAC1Fb,KAAK,EAAE,uDAAuD;MAC9Dc,WAAW,EAAE;;+EAE4D;MACzEC,gBAAgB,EAAE;KACnB;IACDqE,4BAA4B,EAAE;MAC5BxF,MAAM,EAAE,GAAG;MACXiB,OAAO,EACL,6FAA6F;MAC/Fb,KAAK,EAAE,4CAA4C;MACnDc,WAAW,EAAE;;2EAEwD;MACrEC,gBAAgB,EAAE;KACnB;IACDsE,iCAAiC,EAAE;MACjCzF,MAAM,EAAE,GAAG;MACXiB,OAAO,EACL,0FAA0F;MAC5Fb,KAAK,EAAE,6CAA6C;MACpDc,WAAW,EAAE;;kCAEe;MAC5BC,gBAAgB,EAAE;KACnB;IACDuE,2BAA2B,EAAE;MAC3B1F,MAAM,EAAE,GAAG;MACXiB,OAAO,EACL,0EAA0E;MAC5Eb,KAAK,EAAE,mCAAmC;MAC1Cc,WAAW,EAAE;;yGAEsF;MACnGC,gBAAgB,EAAE;KACnB;IACDwE,wBAAwB,EAAE;MACxB3F,MAAM,EAAE,GAAG;MACXiB,OAAO,EACL,yFAAyF;MAC3Fb,KAAK,EAAE,8BAA8B;MACrCc,WAAW,EAAE;;yGAEsF;MACnGC,gBAAgB,EAAE;KACnB;IACDyE,8BAA8B,EAAE;MAC9B5F,MAAM,EAAE,GAAG;MACXiB,OAAO,EACL,6FAA6F;MAC/Fb,KAAK,EAAE,uCAAuC;MAC9Cc,WAAW,EAAE;;sCAEmB;MAChCC,gBAAgB,EAAE;KACnB;IACD0E,yBAAyB,EAAE;MACzB7F,MAAM,EAAE,GAAG;MACXiB,OAAO,EACL,4FAA4F;MAC9Fb,KAAK,EAAE,6CAA6C;MACpDc,WAAW,EAAE;;iEAE8C;MAC3DC,gBAAgB,EAAE;KACnB;IACD2E,8BAA8B,EAAE;MAC9B9F,MAAM,EAAE,GAAG;MACXiB,OAAO,EACL,mEAAmE;MACrEb,KAAK,EAAE,gCAAgC;MACvCc,WAAW,EAAE;;0DAEuC;MACpDC,gBAAgB,EAAE;;GAErB;EACDV,IAAI,EAAE;IACJsF,eAAe,EAAE;MACf/F,MAAM,EAAE,GAAG;MACXiB,OAAO,EAAE;;wFAEyE;MAClFb,KAAK,EAAE,sCAAsC;MAC7Cc,WAAW,EAAE;;2FAEwE;MACrFC,gBAAgB,EAAE;KACnB;IACD6E,eAAe,EAAE;MACfhG,MAAM,EAAE,GAAG;MACXiB,OAAO,EACL,0GAA0G;MAC5Gb,KAAK,EAAE,wBAAwB;MAC/Bc,WAAW,EAAE;;qDAEkC;MAC/CC,gBAAgB,EAAE;KACnB;IACD8E,4BAA4B,EAAE;MAC5BjG,MAAM,EAAE,GAAG;MACXiB,OAAO,EACL,+FAA+F;MACjGb,KAAK,EAAE,qCAAqC;MAC5Cc,WAAW,EAAE;;qDAEkC;MAC/CC,gBAAgB,EAAE;KACnB;IACD+E,gBAAgB,EAAE;MAChBlG,MAAM,EAAE,GAAG;MACXiB,OAAO,EAAE;;;;0DAI2C;MACpDb,KAAK,EAAE,gDAAgD;MACvDc,WAAW,EAAE;;;;4DAIyC;MACtDC,gBAAgB,EAAE;KACnB;IACDgF,iBAAiB,EAAE;MACjBnG,MAAM,EAAE,GAAG;MACXiB,OAAO,EAAE,8DAA8D;MACvEb,KAAK,EAAE,wCAAwC;MAC/Cc,WAAW,EAAE;;gGAE6E;MAC1FC,gBAAgB,EAAE;KACnB;IACDiF,wBAAwB,EAAE;MACxBpG,MAAM,EAAE,GAAG;MACXiB,OAAO,EAAE;;;;0DAI2C;MACpDb,KAAK,EAAE,2BAA2B;MAClCc,WAAW,EAAE;;;;0DAIuC;MACpDC,gBAAgB,EAAE;;GAErB;EACDT,aAAa,EAAE;IACb2F,eAAe,EAAE;MACfrG,MAAM,EAAE,GAAG;MACXiB,OAAO,EAAE,oBAAoB;MAC7Bb,KAAK,EAAE,oBAAoB;MAC3Bc,WAAW,EAAE;;gDAE6B;MAC1CC,gBAAgB,EAAE;KACnB;IACDmF,kBAAkB,EAAE;MAClBtG,MAAM,EAAE,GAAG;MACXiB,OAAO,EAAE,gCAAgC;MACzCb,KAAK,EAAE,sBAAsB;MAC7Bc,WAAW,EAAE;;wCAEqB;MAClCC,gBAAgB,EAAE;KACnB;IACDoF,gBAAgB,EAAE;MAChBvG,MAAM,EAAE,GAAG;MACXiB,OAAO,EAAE,0CAA0C;MACnDb,KAAK,EAAE,sBAAsB;MAC7Bc,WAAW,EAAE;;gDAE6B;MAC1CC,gBAAgB,EAAE;KACnB;IACDqF,aAAa,EAAE;MACbxG,MAAM,EAAE,GAAG;MACXiB,OAAO,EAAE,sDAAsD;MAC/Db,KAAK,EAAE,sCAAsC;MAC7Cc,WAAW,EAAE;;gDAE6B;MAC1CC,gBAAgB,EAAE;KACnB;IACDsF,oBAAoB,EAAE;MACpBzG,MAAM,EAAE,GAAG;MACXiB,OAAO,EAAE,wCAAwC;MACjDb,KAAK,EAAE,+BAA+B;MACtCc,WAAW,EAAE,0DAA0D;MACvEC,gBAAgB,EAAE;KACnB;IACDuF,2BAA2B,EAAE;MAC3B1G,MAAM,EAAE,GAAG;MACXiB,OAAO,EACL,+EAA+E;MACjFb,KAAK,EAAE,0CAA0C;MACjDc,WAAW,EAAE;;iFAE8D;MAC3EC,gBAAgB,EAAE;KACnB;IACDwF,iCAAiC,EAAE;MACjC3G,MAAM,EAAE,GAAG;MACXiB,OAAO,EAAE;;UAEL;MACJb,KAAK,EAAE,gCAAgC;MACvCc,WAAW,EAAE,2DAA2D;MACxEC,gBAAgB,EAAE;KACnB;IACDyF,kCAAkC,EAAE;MAClC5G,MAAM,EAAE,GAAG;MACXiB,OAAO,EAAE,mDAAmD;MAC5Db,KAAK,EAAE,kBAAkB;MACzBc,WAAW,EAAE;uCACoB;MACjCC,gBAAgB,EAAE;KACnB;IACD0F,qCAAqC,EAAE;MACrC7G,MAAM,EAAE,GAAG;MACXiB,OAAO,EAAE;;uDAEwC;MACjDb,KAAK,EAAE,0BAA0B;MACjCc,WAAW,EAAE;uCACoB;MACjCC,gBAAgB,EAAE;;GAErB;EACDR,SAAS,EAAE;IACTmG,SAAS,EAAE;MACT9G,MAAM,EAAE,GAAG;MACXiB,OAAO,EAAE,gEAAgE;MACzEb,KAAK,EAAE,oBAAoB;MAC3Bc,WAAW,EAAE;;kGAE+E;MAC5FC,gBAAgB,EAAE;KACnB;IACD4F,cAAc,EAAE;MACd/G,MAAM,EAAE,GAAG;MACXiB,OAAO,EAAE;;;;;CAKd;MACKb,KAAK,EAAE,0BAA0B;MACjCc,WAAW,EAAE;;wEAEqD;MAClEC,gBAAgB,EAAE;KACnB;IACD6F,YAAY,EAAE;MACZhH,MAAM,EAAE,GAAG;MACXiB,OAAO,EACL,iFAAiF;MACnFb,KAAK,EAAE,gCAAgC;MACvCc,WAAW,EAAE;;oHAEiG;MAC9GC,gBAAgB,EAAE;;GAErB;EACDP,OAAO,EAAE;IACPqG,cAAc,EAAE;MACdjH,MAAM,EAAE,GAAG;MACXiB,OAAO,EAAE;wBACS;MAClBb,KAAK,EAAE,wBAAwB;MAC/Bc,WAAW,EAAE;;kDAE+B;MAC5CC,gBAAgB,EAAE;KACnB;IACD+F,oBAAoB,EAAE;MACpBlH,MAAM,EAAE,GAAG;MACXiB,OAAO,EAAE;iEACkD;MAC3Db,KAAK,EAAE,mCAAmC;MAC1Cc,WAAW,EAAE;;sDAEmC;MAChDC,gBAAgB,EAAE;;GAErB;EACDN,QAAQ,EAAE;IACRsG,8BAA8B,EAAE;MAC9BnH,MAAM,EAAE,GAAG;MACXiB,OAAO,EACL,wGAAwG;MAC1Gb,KAAK,EAAE,gCAAgC;MACvCc,WAAW,EAAE;;gGAE6E;MAC1FC,gBAAgB,EAAE;KACnB;IACDiG,oCAAoC,EAAE;MACpCpH,MAAM,EAAE,GAAG;MACXiB,OAAO,EACL,kFAAkF;MACpFb,KAAK,EAAE,mCAAmC;MAC1Cc,WAAW,EAAE;;gGAE6E;MAC1FC,gBAAgB,EAAE;KACnB;IACDkG,6BAA6B,EAAE;MAC7BrH,MAAM,EAAE,GAAG;MACXiB,OAAO,EAAE,uDAAuD;MAChEb,KAAK,EAAE,uDAAuD;MAC9Dc,WAAW,EAAE;;gGAE6E;MAC1FC,gBAAgB,EAAE;KACnB;IACDmG,mBAAmB,EAAE;MACnBtH,MAAM,EAAE,GAAG;MACXiB,OAAO,EACL,uGAAuG;MACzGb,KAAK,EAAE,sCAAsC;MAC7Cc,WAAW,EAAE;;gGAE6E;MAC1FC,gBAAgB,EAAE;;GAErB;EACDL,YAAY,EAAE;IACZyG,iCAAiC,EAAE;MACjCvH,MAAM,EAAE,IAAI;MACZiB,OAAO,EACL,8EAA8E;MAChFb,KAAK,EAAE,oCAAoC;MAC3Cc,WAAW,EAAE;;iFAE8D;MAC3EC,gBAAgB,EAAE;KACnB;IACDqG,iCAAiC,EAAE;MACjCxH,MAAM,EAAE,IAAI;MACZiB,OAAO,EACL,6EAA6E;MAC/Eb,KAAK,EAAE,oCAAoC;MAC3Cc,WAAW,EAAE;;iFAE8D;MAC3EC,gBAAgB,EAAE;KACnB;IACDsG,+BAA+B,EAAE;MAC/BzH,MAAM,EAAE,IAAI;MACZiB,OAAO,EACL,sFAAsF;MACxFb,KAAK,EAAE,kCAAkC;MACzCc,WAAW,EAAE;;iFAE8D;MAC3EC,gBAAgB,EAAE;KACnB;IACDuG,6BAA6B,EAAE;MAC7B1H,MAAM,EAAE,IAAI;MACZiB,OAAO,EAAE,6DAA6D;MACtEb,KAAK,EAAE,qCAAqC;MAC5Cc,WAAW,EAAE;;iFAE8D;MAC3EC,gBAAgB,EAAE;KACnB;IACD6F,YAAY,EAAE;MACZhH,MAAM,EAAE,IAAI;MACZiB,OAAO,EACL,qFAAqF;MACvFb,KAAK,EAAE,8BAA8B;MACrCc,WAAW,EAAE;;yGAEsF;MACnGC,gBAAgB,EAAE;KACnB;IACD8D,cAAc,EAAE;MACdjF,MAAM,EAAE,IAAI;MACZiB,OAAO,EAAE,uCAAuC;MAChDb,KAAK,EAAE,gCAAgC;MACvCc,WAAW,EAAE;;yGAEsF;MACnGC,gBAAgB,EAAE;KACnB;IACDwG,qBAAqB,EAAE;MACrB3H,MAAM,EAAE,IAAI;MACZiB,OAAO,EACL,4EAA4E;MAC9Eb,KAAK,EAAE,yCAAyC;MAChDc,WAAW,EAAE;;iFAE8D;MAC3EC,gBAAgB,EAAE;KACnB;IACDyG,iBAAiB,EAAE;MACjB5H,MAAM,EAAE,IAAI;MACZiB,OAAO,EAAE,gEAAgE;MACzEb,KAAK,EAAE,gDAAgD;MACvDc,WAAW,EAAE;;iFAE8D;MAC3EC,gBAAgB,EAAE;;GAErB;EACDJ,cAAc,EAAE;IACd8G,4BAA4B,EAAE;MAC5B7H,MAAM,EAAE,IAAI;MACZiB,OAAO,EAAE,+CAA+C;MACxDb,KAAK,EAAE,uCAAuC;MAC9Cc,WAAW,EAAE;;0DAEuC;MACpDC,gBAAgB,EAAE;;;CAGvB;AAED;;;;;;AAMA,MAAM2G,8DAA8D,GAIhEjI,cAAM","names":["exports","getErrorCode","error","number","GENERAL","min","max","title","NETWORK","TASK_DEFINITIONS","ARGUMENTS","RESOLVER","SOLC","BUILTIN_TASKS","ARTIFACTS","PLUGINS","INTERNAL","SOURCE_NAMES","CONTRACT_NAMES","NOT_INSIDE_PROJECT","message","description","shouldBeReported","INVALID_NODE_VERSION","UNSUPPORTED_OPERATION","CONTEXT_ALREADY_CREATED","CONTEXT_NOT_CREATED","CONTEXT_HRE_NOT_DEFINED","CONTEXT_HRE_ALREADY_DEFINED","INVALID_CONFIG","LIB_IMPORTED_FROM_THE_CONFIG","USER_CONFIG_MODIFIED","ASSERTION_ERROR","NON_LOCAL_INSTALLATION","TS_NODE_NOT_INSTALLED","TYPESCRIPT_NOT_INSTALLED","NOT_INSIDE_PROJECT_ON_WINDOWS","CONFLICTING_FILES","INVALID_BIG_NUMBER","CORRUPTED_LOCKFILE","CONFIG_NOT_FOUND","INVALID_GLOBAL_CHAIN_ID","ETHSIGN_MISSING_DATA_PARAM","NOT_LOCAL_ACCOUNT","MISSING_TX_PARAM_TO_SIGN_LOCALLY","NO_REMOTE_ACCOUNT_AVAILABLE","INVALID_HD_PATH","INVALID_RPC_QUANTITY_VALUE","NODE_IS_NOT_RUNNING","NETWORK_TIMEOUT","INVALID_JSON_RESPONSE","CANT_DERIVE_KEY","INVALID_RPC_DATA_VALUE","ETHSIGN_TYPED_DATA_V4_INVALID_DATA_PARAM","INCOMPATIBLE_FEE_PRICE_FIELDS","MISSING_FEE_PRICE_FIELDS","PERSONALSIGN_MISSING_ADDRESS_PARAM","PARAM_AFTER_VARIADIC","PARAM_ALREADY_DEFINED","PARAM_CLASHES_WITH_HARDHAT_PARAM","MANDATORY_PARAM_AFTER_OPTIONAL","ACTION_NOT_SET","RUNSUPER_NOT_AVAILABLE","DEFAULT_VALUE_WRONG_TYPE","DEFAULT_IN_MANDATORY_PARAM","INVALID_PARAM_NAME_CASING","OVERRIDE_NO_MANDATORY_PARAMS","OVERRIDE_NO_POSITIONAL_PARAMS","OVERRIDE_NO_VARIADIC_PARAMS","CLI_ARGUMENT_TYPE_REQUIRED","INVALID_ENV_VAR_VALUE","INVALID_VALUE_FOR_TYPE","INVALID_INPUT_FILE","UNRECOGNIZED_TASK","UNRECOGNIZED_COMMAND_LINE_ARG","UNRECOGNIZED_PARAM_NAME","MISSING_TASK_ARGUMENT","MISSING_POSITIONAL_ARG","UNRECOGNIZED_POSITIONAL_ARG","REPEATED_PARAM","PARAM_NAME_INVALID_CASING","INVALID_JSON_ARGUMENT","RUNNING_SUBTASK_FROM_CLI","TYPECHECK_USED_IN_JAVASCRIPT_PROJECT","FILE_NOT_FOUND","LIBRARY_NOT_INSTALLED","LIBRARY_FILE_NOT_FOUND","ILLEGAL_IMPORT","IMPORTED_FILE_NOT_FOUND","INVALID_IMPORT_BACKSLASH","INVALID_IMPORT_PROTOCOL","INVALID_IMPORT_ABSOLUTE_PATH","INVALID_IMPORT_OUTSIDE_OF_PROJECT","INVALID_IMPORT_WRONG_CASING","WRONG_SOURCE_NAME_CASING","IMPORTED_LIBRARY_NOT_INSTALLED","INCLUDES_OWN_PACKAGE_NAME","IMPORTED_MAPPED_FILE_NOT_FOUND","INVALID_VERSION","DOWNLOAD_FAILED","VERSION_LIST_DOWNLOAD_FAILED","INVALID_DOWNLOAD","CANT_GET_COMPILER","CANT_RUN_NATIVE_COMPILER","COMPILE_FAILURE","RUN_FILE_NOT_FOUND","RUN_SCRIPT_ERROR","FLATTEN_CYCLE","JSONRPC_SERVER_ERROR","JSONRPC_UNSUPPORTED_NETWORK","COMPILATION_JOBS_CREATION_FAILURE","NODE_FORK_BLOCK_NUMBER_WITHOUT_URL","COMPILE_TASK_UNSUPPORTED_SOLC_VERSION","NOT_FOUND","MULTIPLE_FOUND","WRONG_CASING","BUIDLER_PLUGIN","MISSING_DEPENDENCIES","TEMPLATE_INVALID_VARIABLE_NAME","TEMPLATE_VALUE_CONTAINS_VARIABLE_TAG","TEMPLATE_VARIABLE_TAG_MISSING","WRONG_ARTIFACT_PATH","INVALID_SOURCE_NAME_ABSOLUTE_PATH","INVALID_SOURCE_NAME_RELATIVE_PATH","INVALID_SOURCE_NAME_BACKSLASHES","INVALID_SOURCE_NOT_NORMALIZED","NODE_MODULES_AS_LOCAL","EXTERNAL_AS_LOCAL","INVALID_FULLY_QUALIFIED_NAME","_PHONY_VARIABLE_TO_FORCE_ERRORS_TO_BE_OF_TYPE_ERROR_DESCRIPTOR"],"sources":["/Users/janrobel/Documents/PersonalProjekty/nftGenerateAi/clientAndContract/node_modules/hardhat/src/internal/core/errors-list.ts"],"sourcesContent":["export const ERROR_PREFIX = \"HH\";\n\nexport interface ErrorDescriptor {\n  number: number;\n  // Message can use templates. See applyErrorMessageTemplate\n  message: string;\n  // Title and description can be Markdown\n  title: string;\n  description: string;\n  shouldBeReported: boolean;\n}\n\nexport function getErrorCode(error: ErrorDescriptor): string {\n  return `${ERROR_PREFIX}${error.number}`;\n}\n\nexport const ERROR_RANGES: {\n  [category in keyof typeof ERRORS]: {\n    min: number;\n    max: number;\n    title: string;\n  };\n} = {\n  GENERAL: { min: 1, max: 99, title: \"General errors\" },\n  NETWORK: { min: 100, max: 199, title: \"Network related errors\" },\n  TASK_DEFINITIONS: {\n    min: 200,\n    max: 299,\n    title: \"Task definition errors\",\n  },\n  ARGUMENTS: { min: 300, max: 399, title: \"Arguments related errors\" },\n  RESOLVER: {\n    min: 400,\n    max: 499,\n    title: \"Dependencies resolution errors\",\n  },\n  SOLC: { min: 500, max: 599, title: \"Solidity related errors\" },\n  BUILTIN_TASKS: { min: 600, max: 699, title: \"Built-in tasks errors\" },\n  ARTIFACTS: { min: 700, max: 799, title: \"Artifacts related errors\" },\n  PLUGINS: { min: 800, max: 899, title: \"Plugin system errors\" },\n  INTERNAL: { min: 900, max: 999, title: \"Internal Hardhat errors\" },\n  SOURCE_NAMES: { min: 1000, max: 1099, title: \"Source name errors\" },\n  CONTRACT_NAMES: { min: 1100, max: 1199, title: \"Contract name errors\" },\n};\n\nexport const ERRORS = {\n  GENERAL: {\n    NOT_INSIDE_PROJECT: {\n      number: 1,\n      message: \"You are not inside a Hardhat project.\",\n      title: \"You are not inside a Hardhat project\",\n      description: `You are trying to run Hardhat outside of a Hardhat project.\n\nYou can learn how to use Hardhat by reading the [Getting Started guide](/hardhat-runner/docs/getting-started).`,\n      shouldBeReported: false,\n    },\n    INVALID_NODE_VERSION: {\n      number: 2,\n      message:\n        \"Hardhat doesn't support your Node.js version. It should be %requirement%.\",\n      title: \"Unsupported Node.js\",\n      description: `Hardhat doesn't support your Node.js version.\n\nPlease upgrade your version of Node.js and try again.`,\n      shouldBeReported: false,\n    },\n    UNSUPPORTED_OPERATION: {\n      number: 3,\n      message: \"%operation% is not supported in Hardhat.\",\n      title: \"Unsupported operation\",\n      description: `You are trying to perform an unsupported operation.\n\nUnless you are creating a task or plugin, this is probably a bug.\n\nPlease [report it](https://github.com/nomiclabs/hardhat/issues/new) to help us improve Hardhat.`,\n      shouldBeReported: true,\n    },\n    CONTEXT_ALREADY_CREATED: {\n      number: 4,\n      message: \"HardhatContext is already created.\",\n      title: \"Hardhat was already initialized\",\n      description: `Hardhat initialization was executed twice. This is a bug.\n\nPlease [report it](https://github.com/nomiclabs/hardhat/issues/new) to help us improve Hardhat.`,\n      shouldBeReported: true,\n    },\n    CONTEXT_NOT_CREATED: {\n      number: 5,\n      message: \"HardhatContext is not created.\",\n      title: \"Hardhat wasn't initialized\",\n      description: `Hardhat initialization failed. This is a bug.\n\nPlease [report it](https://github.com/nomiclabs/hardhat/issues/new) to help us improve Hardhat.`,\n      shouldBeReported: true,\n    },\n    CONTEXT_HRE_NOT_DEFINED: {\n      number: 6,\n      message:\n        \"Hardhat Runtime Environment is not defined in the HardhatContext.\",\n      title: \"Hardhat Runtime Environment not created\",\n      description: `Hardhat initialization failed. This is a bug.\n\nPlease [report it](https://github.com/nomiclabs/hardhat/issues/new) to help us improve Hardhat.`,\n      shouldBeReported: true,\n    },\n    CONTEXT_HRE_ALREADY_DEFINED: {\n      number: 7,\n      message:\n        \"Hardhat Runtime Environment is already defined in the HardhatContext\",\n      title: \"Tried to create the Hardhat Runtime Environment twice\",\n      description: `The Hardhat initialization process was executed twice. This is a bug.\n\nPlease [report it](https://github.com/nomiclabs/hardhat/issues/new) to help us improve Hardhat.`,\n      shouldBeReported: true,\n    },\n    INVALID_CONFIG: {\n      number: 8,\n      message: `There's one or more errors in your config file:\n\n%errors%\n\nTo learn more about Hardhat's configuration, please go to https://hardhat.org/config/`,\n      title: \"Invalid Hardhat config\",\n      description: `You have one or more errors in your config file.\n\nCheck the error message for details, or go to the [documentation](https://hardhat.org/config/) to learn more.`,\n      shouldBeReported: false,\n    },\n    LIB_IMPORTED_FROM_THE_CONFIG: {\n      number: 9,\n      message: `Error while loading Hardhat's configuration.\n\nYou probably tried to import the \"hardhat\" module from your config or a file imported from it.\nThis is not possible, as Hardhat can't be initialized while its config is being defined.\n\nTo learn more about how to access the Hardhat Runtime Environment from different contexts go to https://hardhat.org/hre`,\n      title: \"Failed to load config file\",\n      description: `There was an error while loading your config file.\n\nThe most common source of errors is trying to import the Hardhat Runtime Environment from your config or a file imported from it.\nThis is not possible, as Hardhat can't be initialized while its config is being defined.\n\nYou may also have accidentally imported \\`hardhat\\` instead of \\`hardhat/config\\`.\n\nPlease make sure your config file is correct.\n\nTo learn more about how to access the Hardhat Runtime Environment from different contexts go to https://hardhat.org/hre`,\n      shouldBeReported: false,\n    },\n    USER_CONFIG_MODIFIED: {\n      number: 10,\n      message: `Error while loading Hardhat's configuration.\nYou or one of your plugins is trying to modify the userConfig.%path% value from a config extender`,\n      title: \"Attempted to modify the user's config\",\n      description: `An attempt to modify the user's config was made.\n\nThis is probably a bug in one of your plugins.\n\nPlease [report it](https://github.com/nomiclabs/hardhat/issues/new) to help us improve Hardhat.`,\n      shouldBeReported: true,\n    },\n    ASSERTION_ERROR: {\n      number: 11,\n      message: \"An internal invariant was violated: %message%\",\n      title: \"Invariant violation\",\n      description: `An internal invariant was violated.\nThis is probably caused by a programming error in hardhat or in one of the used plugins.\n\nPlease [report it](https://github.com/nomiclabs/hardhat/issues/new) to help us improve Hardhat.`,\n      shouldBeReported: true,\n    },\n    NON_LOCAL_INSTALLATION: {\n      number: 12,\n      message:\n        \"Trying to use a non-local installation of Hardhat, which is not supported.\\nPlease install Hardhat locally using npm or Yarn, and try again.\",\n      title: \"Hardhat is not installed or installed globally\",\n      description: `You tried to run Hardhat from a global installation or not installing it at all. This is not supported.\n\nPlease install Hardhat locally using npm or Yarn, and try again.`,\n      shouldBeReported: false,\n    },\n    TS_NODE_NOT_INSTALLED: {\n      number: 13,\n      message: `Your Hardhat project uses typescript, but ts-node is not installed.\n\nPlease run: npm install --save-dev ts-node`,\n      title: \"ts-node not installed\",\n      description: `You are running a Hardhat project that uses typescript, but you haven't installed ts-node.\n\nPlease run this and try again: \\`npm install --save-dev ts-node\\``,\n      shouldBeReported: false,\n    },\n    TYPESCRIPT_NOT_INSTALLED: {\n      number: 14,\n      message: `Your Hardhat project uses typescript, but it's not installed.\n\nPlease run: npm install --save-dev typescript`,\n      title: \"typescript not installed\",\n      description: `You are running a Hardhat project that uses typescript, but it's not installed.\n\nPlease run this and try again: \\`npm install --save-dev typescript\\``,\n      shouldBeReported: false,\n    },\n    NOT_INSIDE_PROJECT_ON_WINDOWS: {\n      number: 15,\n      message: `You are not inside a project and Hardhat failed to initialize a new one.\n\nIf you were trying to create a new project, please try again using Windows Subsystem for Linux (WSL) or PowerShell.\n`,\n      title:\n        \"You are not inside a Hardhat project and Hardhat failed to initialize a new one\",\n      description: `You are trying to run Hardhat outside of a Hardhat project, and we couldn't initialize one.\n\nIf you were trying to create a new project, please try again using Windows Subsystem for Linux (WSL) or PowerShell.\n\nYou can learn how to use Hardhat by reading the [Getting Started guide](/hardhat-runner/docs/getting-started).`,\n      shouldBeReported: false,\n    },\n    CONFLICTING_FILES: {\n      number: 16,\n      message: `The directory %dest% contains files that could conflict:\n\n%conflicts%\n\nEither try using a new directory, or remove the files listed above.`,\n      title: \"conflicting files during project creation\",\n      description: `You are trying to create a new hardhat project, but there are existing files that would be overwritten by the creation process.\n\nEither try using a new directory name, or remove the conflicting files.`,\n      shouldBeReported: false,\n    },\n    INVALID_BIG_NUMBER: {\n      number: 17,\n      message: \"The input value cannot be normalized to a BigInt: %message%\",\n      title: \"Invalid big number\",\n      description:\n        \"Hardhat attempted to convert the input value to a BigInt, but no known conversion method was applicable to the given value.\",\n      shouldBeReported: false,\n    },\n    CORRUPTED_LOCKFILE: {\n      number: 18,\n      message: `You installed Hardhat with a corrupted lockfile due to the NPM bug #4828.\n\nPlease delete your node_modules, package-lock.json, reinstall your project, and try again.`,\n      title: \"Corrupted lockfile\",\n      description: `Some versions of NPM are affected [by a bug](https://github.com/npm/cli/issues/4828) that leads to corrupt lockfiles being generated.\n\nThis bug can only affect you if you, or someone at your team, installed the project without a lockfile, but with an existing node_modules.\n\nTo avoid it, please delete both your node_modules and package-lock.json, and reinstall your project.\n\nNote that you don't need to do this every time you install a new dependency, but please make sure to delete your node_modules every time you delete your package-lock.json.`,\n      shouldBeReported: false,\n    },\n  },\n  NETWORK: {\n    CONFIG_NOT_FOUND: {\n      number: 100,\n      message: \"Network %network% doesn't exist\",\n      title: \"Selected network doesn't exist\",\n      description: `You are trying to run Hardhat with a nonexistent network.\n\nRead the [documentation](https://hardhat.org/hardhat-runner/docs/config#networks-configuration) to learn how to define custom networks.`,\n      shouldBeReported: false,\n    },\n    INVALID_GLOBAL_CHAIN_ID: {\n      number: 101,\n      message:\n        \"Hardhat was set to use chain id %configChainId%, but connected to a chain with id %connectionChainId%.\",\n      title: \"Connected to the wrong network\",\n      description: `Your config specifies a chain id for the network you are trying to use, but Hardhat detected a different chain id.\n\nPlease make sure you are setting your config correctly.`,\n      shouldBeReported: false,\n    },\n    ETHSIGN_MISSING_DATA_PARAM: {\n      number: 102,\n      message: 'Missing \"data\" param when calling eth_sign.',\n      title: \"Missing `data` param when calling eth_sign.\",\n      description: `You called \\`eth_sign\\` with incorrect parameters.\n\nPlease check that you are sending a \\`data\\` parameter.`,\n      shouldBeReported: false,\n    },\n    NOT_LOCAL_ACCOUNT: {\n      number: 103,\n      message:\n        \"Account %account% is not managed by the node you are connected to.\",\n      title: \"Unrecognized account\",\n      description: `You are trying to send a transaction or sign some data with an\naccount not managed by your Ethereum node nor Hardhat.\n\nPlease double check your accounts and the \\`from\\` parameter in your RPC calls.`,\n      shouldBeReported: false,\n    },\n    MISSING_TX_PARAM_TO_SIGN_LOCALLY: {\n      number: 104,\n      message: \"Missing param %param% from a tx being signed locally.\",\n      title: \"Missing transaction parameter\",\n      description: `You are trying to send a transaction with a locally managed\naccount, and some parameters are missing.\n\nPlease double check your transactions' parameters.`,\n      shouldBeReported: false,\n    },\n    NO_REMOTE_ACCOUNT_AVAILABLE: {\n      number: 105,\n      message:\n        \"No local account was set and there are accounts in the remote node.\",\n      title: \"No remote accounts available\",\n      description: `No local account was set and there are accounts in the remote node.\n\nPlease make sure that your Ethereum node has unlocked accounts.`,\n      shouldBeReported: false,\n    },\n    INVALID_HD_PATH: {\n      number: 106,\n      message:\n        \"HD path %path% is invalid. Read about BIP32 to know about the valid forms.\",\n      title: \"Invalid HD path\",\n      description: `An invalid HD/BIP32 derivation path was provided in your config.\n\nRead the [documentation](https://hardhat.org/hardhat-runner/docs/config#hd-wallet-config) to learn how to define HD accounts correctly.`,\n      shouldBeReported: false,\n    },\n    INVALID_RPC_QUANTITY_VALUE: {\n      number: 107,\n      message:\n        \"Received invalid value `%value%` from/to the node's JSON-RPC, but a Quantity was expected.\",\n      title: \"Invalid JSON-RPC value\",\n      description: `One of your transactions sent or received an invalid JSON-RPC QUANTITY value.\n\nPlease double check your calls' parameters and keep your Ethereum node up to date.`,\n      shouldBeReported: false,\n    },\n    NODE_IS_NOT_RUNNING: {\n      number: 108,\n      message: `Cannot connect to the network %network%.\nPlease make sure your node is running, and check your internet connection and networks config`,\n      title: \"Cannot connect to the network\",\n      description: `Cannot connect to the network.\n\nPlease make sure your node is running, and check your internet connection and networks config.`,\n      shouldBeReported: false,\n    },\n    NETWORK_TIMEOUT: {\n      number: 109,\n      message: `Network connection timed out.\nPlease check your internet connection and networks config`,\n      title: \"Network timeout\",\n      description: `One of your JSON-RPC requests timed out.\n\nPlease make sure your node is running, and check your internet connection and networks config.`,\n      shouldBeReported: false,\n    },\n    INVALID_JSON_RESPONSE: {\n      number: 110,\n      message: \"Invalid JSON-RPC response received: %response%\",\n      title: \"Invalid JSON-RPC response\",\n      description: `One of your JSON-RPC requests received an invalid response.\n\nPlease make sure your node is running, and check your internet connection and networks config.`,\n      shouldBeReported: false,\n    },\n    CANT_DERIVE_KEY: {\n      number: 111,\n      message:\n        \"Cannot derive key %path% from mnemonic '%mnemonic%.\\nTry using another mnemonic or deriving fewer keys.\",\n      title: \"Could not derive an HD key\",\n      description: `One of your HD keys could not be derived.\n\nTry using another mnemonic or deriving less keys.`,\n      shouldBeReported: false,\n    },\n    INVALID_RPC_DATA_VALUE: {\n      number: 112,\n      message:\n        \"Received invalid value `%value%` from/to the node's JSON-RPC, but a Data was expected.\",\n      title: \"Invalid JSON-RPC value\",\n      description: `One of your calls sent or received an invalid JSON-RPC DATA value.\n\nPlease double check your calls' parameters and keep your Ethereum node up to date.`,\n      shouldBeReported: false,\n    },\n    ETHSIGN_TYPED_DATA_V4_INVALID_DATA_PARAM: {\n      number: 113,\n      message: 'Invalid \"data\" param when calling eth_signTypedData_v4.',\n      title: \"Invalid `data` param when calling eth_signTypedData_v4.\",\n      description: `You called \\`eth_signTypedData_v4\\` with incorrect parameters.\nPlease check that you are sending a \\`data\\` parameter with a JSON string or object conforming to EIP712 TypedData schema.`,\n      shouldBeReported: false,\n    },\n    INCOMPATIBLE_FEE_PRICE_FIELDS: {\n      number: 114,\n      message:\n        \"An incompatible transaction with gasPrice and EIP-1559 fee price fields.\",\n      title: \"Incompatible fee price parameters\",\n      description: `You are trying to send a transaction with a locally managed\naccount, and its parameters are incompatible. You sent both gasPrice, and maxFeePerGas or maxPriorityFeePerGas.\n\nPlease double check your transactions' parameters.`,\n      shouldBeReported: false,\n    },\n    MISSING_FEE_PRICE_FIELDS: {\n      number: 115,\n      message:\n        \"Tried to sign a transaction locally, but gasPrice, maxFeePerGas, and maxPriorityFeePerGas were missing.\",\n      title: \"Missing fee price parameters\",\n      description: `You are trying to send a transaction with a locally managed account, and no fee price parameters were provided. You need to send gasPrice, or maxFeePerGas and maxPriorityFeePerGas.\n\nPlease double check your transactions' parameters.`,\n      shouldBeReported: false,\n    },\n    PERSONALSIGN_MISSING_ADDRESS_PARAM: {\n      number: 116,\n      message: 'Missing \"address\" param when calling personal_sign.',\n      title: \"Missing `address` param when calling personal_sign.\",\n      description: `You called \\`personal_sign\\` with incorrect parameters.\n\nPlease check that you are sending an \\`address\\` parameter.`,\n      shouldBeReported: false,\n    },\n  },\n  TASK_DEFINITIONS: {\n    PARAM_AFTER_VARIADIC: {\n      number: 200,\n      message:\n        \"Could not set positional param %paramName% for task %taskName% because there is already a variadic positional param and it has to be the last positional one.\",\n      title: \"Could not add positional param\",\n      description: `Could add a positional param to your task because\nthere is already a variadic positional param and it has to be the last\npositional one.\n\nPlease double check your task definitions.`,\n      shouldBeReported: false,\n    },\n    PARAM_ALREADY_DEFINED: {\n      number: 201,\n      message:\n        \"Could not set param %paramName% for task %taskName% because its name is already used.\",\n      title: \"Repeated param name\",\n      description: `Could not add a param to your task because its name is already used.\n\nPlease double check your task definitions.`,\n      shouldBeReported: false,\n    },\n    PARAM_CLASHES_WITH_HARDHAT_PARAM: {\n      number: 202,\n      message:\n        \"Could not set param %paramName% for task %taskName% because its name is used as a param for Hardhat.\",\n      title: \"Hardhat and task param names clash\",\n      description: `Could not add a param to your task because its name is used as a param for Hardhat.\n\nPlease double check your task definitions.`,\n      shouldBeReported: false,\n    },\n    MANDATORY_PARAM_AFTER_OPTIONAL: {\n      number: 203,\n      message:\n        \"Could not set param %paramName% for task %taskName% because it is mandatory and it was added after an optional positional param.\",\n      title: \"Optional param followed by a required one\",\n      description: `Could not add param to your task because it is required and it was added after an optional positional param.\n\nPlease double check your task definitions.`,\n      shouldBeReported: false,\n    },\n    ACTION_NOT_SET: {\n      number: 204,\n      message: \"No action set for task %taskName%.\",\n      title: \"Tried to run task without an action\",\n      description: `A task was run, but it has no action set.\n\nPlease double check your task definitions.`,\n      shouldBeReported: false,\n    },\n    RUNSUPER_NOT_AVAILABLE: {\n      number: 205,\n      message:\n        \"Tried to call runSuper from a non-overridden definition of task %taskName%\",\n      title: \"`runSuper` not available\",\n      description: `You tried to call \\`runSuper\\` from a non-overridden task.\n\nPlease use \\`runSuper.isDefined\\` to make sure that you can call it.`,\n      shouldBeReported: false,\n    },\n    DEFAULT_VALUE_WRONG_TYPE: {\n      number: 206,\n      message:\n        \"Default value for param %paramName% of task %taskName% doesn't match the default one, try specifying it.\",\n      title: \"Default value has incorrect type\",\n      description: `One of your tasks has a parameter whose default value doesn't match the expected type.\n\nPlease double check your task definitions.`,\n      shouldBeReported: false,\n    },\n    DEFAULT_IN_MANDATORY_PARAM: {\n      number: 207,\n      message:\n        \"Default value for param %paramName% of task %taskName% shouldn't be set.\",\n      title: \"Required parameter has a default value\",\n      description: `One of your tasks has a required parameter with a default value.\n\nPlease double check your task definitions.`,\n      shouldBeReported: false,\n    },\n    INVALID_PARAM_NAME_CASING: {\n      number: 208,\n      message:\n        \"Invalid param name %paramName% in task %taskName%. Param names must be camelCase.\",\n      title: \"Invalid casing in parameter name\",\n      description: `Your parameter names must use camelCase.\n\nPlease double check your task definitions.`,\n      shouldBeReported: false,\n    },\n    OVERRIDE_NO_MANDATORY_PARAMS: {\n      number: 209,\n      message:\n        \"Redefinition of task %taskName% failed. Unsupported operation adding mandatory (non optional) param definitions in an overridden task.\",\n      title: \"Attempted to add mandatory params to an overridden task\",\n      description: `You can't add mandatory (non optional) param definitions in an overridden task.\nThe only supported param additions for overridden tasks are flags\nand optional params.\n\nPlease double check your task definitions.`,\n      shouldBeReported: false,\n    },\n    OVERRIDE_NO_POSITIONAL_PARAMS: {\n      number: 210,\n      message:\n        \"Redefinition of task %taskName% failed. Unsupported operation adding positional param definitions in an overridden task.\",\n      title: \"Attempted to add positional params to an overridden task\",\n      description: `You can't add positional param definitions in an overridden task.\nThe only supported param additions for overridden tasks are flags\nand optional params.\n\nPlease double check your task definitions.`,\n      shouldBeReported: false,\n    },\n    OVERRIDE_NO_VARIADIC_PARAMS: {\n      number: 211,\n      message:\n        \"Redefinition of task %taskName% failed. Unsupported operation adding variadic param definitions in an overridden task.\",\n      title: \"Attempted to add variadic params to an overridden task\",\n      description: `You can't add variadic param definitions in an overridden task.\nThe only supported param additions for overridden tasks are flags\nand optional params.\n\nPlease double check your task definitions.`,\n      shouldBeReported: false,\n    },\n    CLI_ARGUMENT_TYPE_REQUIRED: {\n      number: 212,\n      title: \"Invalid argument type\",\n      message:\n        \"Task %task% is not a subtask but one of its arguments uses the type %type%, which is not parseable.\",\n      description: `Tasks that can be invoked from the command line require CLIArgumentType types for their arguments.\n\nWhat makes these types special is that they can be represented as strings, so you can write them down in the terminal.`,\n      shouldBeReported: false,\n    },\n  },\n  ARGUMENTS: {\n    INVALID_ENV_VAR_VALUE: {\n      number: 300,\n      message: \"Invalid environment variable %varName%'s value: %value%\",\n      title: \"Invalid environment variable value\",\n      description: `You are setting one of Hardhat's arguments using an environment variable, but it has an incorrect value.\n\nPlease double check your environment variables.`,\n      shouldBeReported: false,\n    },\n    INVALID_VALUE_FOR_TYPE: {\n      number: 301,\n      message: \"Invalid value %value% for argument %name% of type %type%\",\n      title: \"Invalid argument type\",\n      description: `One of your Hardhat or task arguments has an invalid type.\n\nPlease double check your arguments.`,\n      shouldBeReported: false,\n    },\n    INVALID_INPUT_FILE: {\n      number: 302,\n      message:\n        \"Invalid argument %name%: File %value% doesn't exist or is not a readable file.\",\n      title: \"Invalid file argument\",\n      description: `One of your tasks expected a file as an argument, but you provided a\nnonexistent or non-readable file.\n\nPlease double check your arguments.`,\n      shouldBeReported: false,\n    },\n    UNRECOGNIZED_TASK: {\n      number: 303,\n      message: \"Unrecognized task %task%\",\n      title: \"Unrecognized task\",\n      description: `Tried to run a nonexistent task.\n\nPlease double check the name of the task you are trying to run.`,\n      shouldBeReported: false,\n    },\n    UNRECOGNIZED_COMMAND_LINE_ARG: {\n      number: 304,\n      message:\n        \"Unrecognised command line argument %argument%.\\nNote that task arguments must come after the task name.\",\n      title: \"Unrecognized command line argument\",\n      description: `Hardhat couldn't recognize one of your command line arguments.\n\nThis may be because you are writing it before the task name. It should come after it.\n\nPlease double check how you invoked Hardhat.`,\n      shouldBeReported: false,\n    },\n    UNRECOGNIZED_PARAM_NAME: {\n      number: 305,\n      message: \"Unrecognized param %param%\",\n      title: \"Unrecognized param\",\n      description: `Hardhat couldn't recognize one of your tasks' parameters.\n\nPlease double check how you invoked Hardhat or ran your task.`,\n      shouldBeReported: false,\n    },\n    MISSING_TASK_ARGUMENT: {\n      number: 306,\n      message:\n        \"The '%param%' parameter of task '%task%' expects a value, but none was passed.\",\n      title: \"Missing task argument\",\n      description: `You tried to run a task, but one of its required arguments was missing.\n\nPlease double check how you invoked Hardhat or ran your task.`,\n      shouldBeReported: false,\n    },\n    MISSING_POSITIONAL_ARG: {\n      number: 307,\n      message: \"Missing positional argument %param%\",\n      title: \"Missing task positional argument\",\n      description: `You tried to run a task, but one of its required arguments was missing.\n\nPlease double check how you invoked Hardhat or ran your task.`,\n      shouldBeReported: false,\n    },\n    UNRECOGNIZED_POSITIONAL_ARG: {\n      number: 308,\n      message: \"Unrecognized positional argument %argument%\",\n      title: \"Unrecognized task positional argument\",\n      description: `You tried to run a task with more positional arguments than expected.\n\nPlease double check how you invoked Hardhat or ran your task.`,\n      shouldBeReported: false,\n    },\n    REPEATED_PARAM: {\n      number: 309,\n      message: \"Repeated parameter %param%\",\n      title: \"Repeated task parameter\",\n      description: `You tried to run a task with a repeated parameter.\n\nPlease double check how you invoked Hardhat or ran your task.`,\n      shouldBeReported: false,\n    },\n    PARAM_NAME_INVALID_CASING: {\n      number: 310,\n      message: \"Invalid param %param%. Command line params must be lowercase.\",\n      title: \"Invalid casing in command line parameter\",\n      description: `You tried to run hardhat with a parameter with invalid casing. They must be lowercase.\n\nPlease double check how you invoked Hardhat.`,\n      shouldBeReported: false,\n    },\n    INVALID_JSON_ARGUMENT: {\n      number: 311,\n      message: \"Error parsing JSON value for argument %param%: %error%\",\n      title: \"Invalid JSON parameter\",\n      description: `You tried to run a task with an invalid JSON parameter.\n\nPlease double check how you invoked Hardhat or ran your task.`,\n      shouldBeReported: false,\n    },\n    RUNNING_SUBTASK_FROM_CLI: {\n      number: 312,\n      title: \"Subtask run from the command line\",\n      message: \"Trying to run the %name% subtask from the CLI\",\n      description: `You tried to run a subtask from the command line.\n\nThis is not supported. Please run the help task to see the available options.`,\n      shouldBeReported: false,\n    },\n    TYPECHECK_USED_IN_JAVASCRIPT_PROJECT: {\n      number: 313,\n      title: \"The --typecheck flag was used in a javascript project\",\n      message:\n        \"Trying to use the --typecheck flag, but the project is not in typescript\",\n      description: `You tried to run Hardhat with the \\`--typecheck\\` flag in a javascript project.\n\nThis flag can only be used in typescript projects.`,\n      shouldBeReported: false,\n    },\n  },\n  RESOLVER: {\n    FILE_NOT_FOUND: {\n      number: 400,\n      message: \"File %file% doesn't exist.\",\n      title: \"Solidity file not found\",\n      description: `Tried to resolve a nonexistent Solidity file as an entry-point.`,\n      shouldBeReported: false,\n    },\n    LIBRARY_NOT_INSTALLED: {\n      number: 401,\n      message: \"Library %library% is not installed.\",\n      title: \"Solidity library not installed\",\n      description: `One of your Solidity sources imports a library that is not installed.\n\nPlease double check your imports or install the missing dependency.`,\n      shouldBeReported: false,\n    },\n    LIBRARY_FILE_NOT_FOUND: {\n      number: 402,\n      message: \"File %file% doesn't exist.\",\n      title: \"Missing library file\",\n      description: `One of your libraries' files was imported but doesn't exist.\n\nPlease double check your imports or update your libraries.`,\n      shouldBeReported: false,\n    },\n    ILLEGAL_IMPORT: {\n      number: 403,\n      message: \"Illegal import %imported% from %from%\",\n      title: \"Illegal Solidity import\",\n      description: `One of your libraries tried to use a relative import to import a file outside of its scope.\n\nThis is disabled for security reasons.`,\n      shouldBeReported: false,\n    },\n    IMPORTED_FILE_NOT_FOUND: {\n      number: 404,\n      message: \"File %imported%, imported from %from%, not found.\",\n      title: \"Imported file not found\",\n      description: `One of your source files imported a nonexistent file.\n\nPlease double check your imports.`,\n      shouldBeReported: false,\n    },\n    INVALID_IMPORT_BACKSLASH: {\n      number: 405,\n      message:\n        \"Invalid import %imported% from %from%. Imports must use / instead of \\\\, even in Windows\",\n      title: \"Invalid import: use / instead of \\\\\",\n      description: `A Solidity file is trying to import another file via relative path and is using backslashes (\\\\\\\\) instead of slashes (/).\n\nYou must always use slashes (/) in Solidity imports.`,\n      shouldBeReported: false,\n    },\n    INVALID_IMPORT_PROTOCOL: {\n      number: 406,\n      message:\n        \"Invalid import %imported% from %from%. Hardhat doesn't support imports via %protocol%.\",\n      title: \"Invalid import: trying to use an unsupported protocol\",\n      description: `A Solidity file is trying to import a file using an unsupported protocol, like http.\n\nYou can only import files that are available locally or installed through npm.`,\n      shouldBeReported: false,\n    },\n    INVALID_IMPORT_ABSOLUTE_PATH: {\n      number: 407,\n      message:\n        \"Invalid import %imported% from %from%. Hardhat doesn't support imports with absolute paths.\",\n      title: \"Invalid import: absolute paths unsupported\",\n      description: `A Solidity file is trying to import a file using its absolute path.\n\nThis is not supported, as it would lead to hard-to-reproduce compilations.`,\n      shouldBeReported: false,\n    },\n    INVALID_IMPORT_OUTSIDE_OF_PROJECT: {\n      number: 408,\n      message:\n        \"Invalid import %imported% from %from%. The file being imported is outside of the project\",\n      title: \"Invalid import: file outside of the project\",\n      description: `A Solidity file is trying to import a file that is outside of the project.\n\nThis is not supported by Hardhat.`,\n      shouldBeReported: false,\n    },\n    INVALID_IMPORT_WRONG_CASING: {\n      number: 409,\n      message:\n        \"Trying to import %imported% from %from%, but it has an incorrect casing.\",\n      title: \"Invalid import: wrong file casing\",\n      description: `A Solidity file is trying to import a file but its source name casing was wrong.\n\nHardhat's compiler is case sensitive to ensure projects are portable across different operating systems.`,\n      shouldBeReported: false,\n    },\n    WRONG_SOURCE_NAME_CASING: {\n      number: 410,\n      message:\n        \"Trying to resolve the file %incorrect% but its correct case-sensitive name is %correct%\",\n      title: \"Incorrect source name casing\",\n      description: `You tried to resolve a Solidity file with an incorrect casing.\n\nHardhat's compiler is case sensitive to ensure projects are portable across different operating systems.`,\n      shouldBeReported: false,\n    },\n    IMPORTED_LIBRARY_NOT_INSTALLED: {\n      number: 411,\n      message:\n        \"The library %library%, imported from %from%, is not installed. Try installing it using npm.\",\n      title: \"Invalid import: library not installed\",\n      description: `A Solidity file is trying to import another which belongs to a library that is not installed.\n\nTry installing the library using npm.`,\n      shouldBeReported: false,\n    },\n    INCLUDES_OWN_PACKAGE_NAME: {\n      number: 412,\n      message:\n        \"Invalid import %imported% from %from%. Trying to import file using the own package's name.\",\n      title: \"Invalid import: includes own package's name\",\n      description: `A Solidity file is trying to import another using its own package name. This is most likely caused by an existing symlink for the package in your node_modules.\n\nUse a relative import instead of referencing the package's name.`,\n      shouldBeReported: false,\n    },\n    IMPORTED_MAPPED_FILE_NOT_FOUND: {\n      number: 413,\n      message:\n        \"File %importName% => %imported%, imported from %from%, not found.\",\n      title: \"Imported mapped file not found\",\n      description: `One of your source files imported a nonexistent or not installed file.\n\nPlease double check your imports and installed libraries.`,\n      shouldBeReported: false,\n    },\n  },\n  SOLC: {\n    INVALID_VERSION: {\n      number: 500,\n      message: `Solidity version %version% is invalid or hasn't been released yet.\n\nIf you are certain it has been released, run \"npx hardhat clean --global\" and try again`,\n      title: \"Invalid or unreleased `solc` version\",\n      description: `The Solidity version in your config is invalid or hasn't been released yet.\n\nIf you are certain it has been released, run \\`npx hardhat clean --global\\` and try again.`,\n      shouldBeReported: false,\n    },\n    DOWNLOAD_FAILED: {\n      number: 501,\n      message:\n        \"Couldn't download compiler version %remoteVersion%. Please check your internet connection and try again.\",\n      title: \"`solc` download failed\",\n      description: `Couldn't download \\`solc\\`.\n\nPlease check your internet connection and try again.`,\n      shouldBeReported: false,\n    },\n    VERSION_LIST_DOWNLOAD_FAILED: {\n      number: 502,\n      message:\n        \"Couldn't download compiler version list. Please check your internet connection and try again.\",\n      title: \"Couldn't obtain `solc` version list\",\n      description: `Couldn't download \\`solc\\`'s version list.\n\nPlease check your internet connection and try again.`,\n      shouldBeReported: false,\n    },\n    INVALID_DOWNLOAD: {\n      number: 503,\n      message: `Couldn't download compiler version %remoteVersion%: Checksum verification failed.\n\nPlease check your internet connection and try again.\n\nIf this error persists, run \"npx hardhat clean --global\".`,\n      title: \"Downloaded `solc` checksum verification failed\",\n      description: `Hardhat downloaded a version of the Solidity compiler, and its checksum verification failed.\n\nPlease check your internet connection and try again.\n\nIf this error persists, run \\`npx hardhat clean --global\\`.`,\n      shouldBeReported: false,\n    },\n    CANT_GET_COMPILER: {\n      number: 504,\n      message: \"The solc compiler couldn't be obtained for version %version%\",\n      title: \"The solc compiler couldn't be obtained\",\n      description: `Hardhat couldn't obtain a valid solc compiler.\n\nPlease [report it](https://github.com/nomiclabs/hardhat/issues/new) to help us improve Hardhat.`,\n      shouldBeReported: true,\n    },\n    CANT_RUN_NATIVE_COMPILER: {\n      number: 505,\n      message: `A native version of solc failed to run.\n\nIf you are running MacOS, try installing Apple Rosetta.\n\nIf this error persists, run \"npx hardhat clean --global\".`,\n      title: \"Failed to run native solc\",\n      description: `Hardhat successfully downloaded a native version of solc but it doesn't run.\n\nIf you are running MacOS, try installing Apple Rosetta.\n\nIf this error persists, run \"npx hardhat clean --global\".`,\n      shouldBeReported: false,\n    },\n  },\n  BUILTIN_TASKS: {\n    COMPILE_FAILURE: {\n      number: 600,\n      message: \"Compilation failed\",\n      title: \"Compilation failed\",\n      description: `Your smart contracts failed to compile.\n\nPlease check Hardhat's output for more details.`,\n      shouldBeReported: false,\n    },\n    RUN_FILE_NOT_FOUND: {\n      number: 601,\n      message: \"Script %script% doesn't exist.\",\n      title: \"Script doesn't exist\",\n      description: `Tried to use \\`hardhat run\\` to execute a nonexistent script.\n\nPlease double check your script's path.`,\n      shouldBeReported: false,\n    },\n    RUN_SCRIPT_ERROR: {\n      number: 602,\n      message: \"Error running script {%script%}: %error%\",\n      title: \"Error running script\",\n      description: `Running a script resulted in an error.\n\nPlease check Hardhat's output for more details.`,\n      shouldBeReported: false,\n    },\n    FLATTEN_CYCLE: {\n      number: 603,\n      message: \"Hardhat flatten doesn't support cyclic dependencies.\",\n      title: \"Flatten detected cyclic dependencies\",\n      description: `Hardhat flatten doesn't support cyclic dependencies.\n\nWe recommend not using this kind of dependency.`,\n      shouldBeReported: false,\n    },\n    JSONRPC_SERVER_ERROR: {\n      number: 604,\n      message: \"Error running JSON-RPC server: %error%\",\n      title: \"Error running JSON-RPC server\",\n      description: `There was error while starting the JSON-RPC HTTP server.`,\n      shouldBeReported: false,\n    },\n    JSONRPC_UNSUPPORTED_NETWORK: {\n      number: 605,\n      message:\n        \"Unsupported network for JSON-RPC server. Only hardhat is currently supported.\",\n      title: \"Unsupported network for JSON-RPC server.\",\n      description: `JSON-RPC server can only be started when running the Hardhat Network.\n\nTo start the JSON-RPC server, retry the command without the --network parameter.`,\n      shouldBeReported: false,\n    },\n    COMPILATION_JOBS_CREATION_FAILURE: {\n      number: 606,\n      message: `The project cannot be compiled, see reasons below.\n\n%reasons%`,\n      title: \"The project cannot be compiled\",\n      description: `The project cannot be compiled with the current settings.`,\n      shouldBeReported: false,\n    },\n    NODE_FORK_BLOCK_NUMBER_WITHOUT_URL: {\n      number: 607,\n      message: `You specified a fork block number but not an URL.`,\n      title: \"Missing fork URL\",\n      description: `You passed a block number to fork from, but not a URL. Hardhat cannot fork\nif the URL of the JSON-RPC wasn't set.`,\n      shouldBeReported: false,\n    },\n    COMPILE_TASK_UNSUPPORTED_SOLC_VERSION: {\n      number: 608,\n      message: `Version %version% is not supported by Hardhat.\n\nThe first supported version is %firstSupportedVersion%`,\n      title: \"Unsupported solc version\",\n      description: `This version of solidity is not supported by Hardhtat.\nPlease use a newer, supported version.`,\n      shouldBeReported: true,\n    },\n  },\n  ARTIFACTS: {\n    NOT_FOUND: {\n      number: 700,\n      message: 'Artifact for contract \"%contractName%\" not found. %suggestion%',\n      title: \"Artifact not found\",\n      description: `Tried to import a nonexistent artifact.\n\nPlease double check that your contracts have been compiled and double check your artifact's name.`,\n      shouldBeReported: false,\n    },\n    MULTIPLE_FOUND: {\n      number: 701,\n      message: `There are multiple artifacts for contract \"%contractName%\", please use a fully qualified name.\n\nPlease replace %contractName% for one of these options wherever you are trying to read its artifact:\n\n%candidates%\n`,\n      title: \"Multiple artifacts found\",\n      description: `There are multiple artifacts that match the given contract name, and Hardhat doesn't know which one to use.\n\nPlease use the fully qualified name of the contract to disambiguate it.`,\n      shouldBeReported: false,\n    },\n    WRONG_CASING: {\n      number: 702,\n      message:\n        \"Invalid artifact path %incorrect%, its correct case-sensitive path is %correct%\",\n      title: \"Incorrect artifact path casing\",\n      description: `You tried to get an artifact file with an incorrect casing.\n\nHardhat's artifact resolution is case sensitive to ensure projects are portable across different operating systems.`,\n      shouldBeReported: true,\n    },\n  },\n  PLUGINS: {\n    BUIDLER_PLUGIN: {\n      number: 800,\n      message: `You are using %plugin%, which is a Buidler plugin. Use the equivalent\nHardhat plugin instead.`,\n      title: \"Using a buidler plugin\",\n      description: `You are trying to use a Buidler plugin in Hardhat. This is not supported.\n\nPlease use the equivalent Hardhat plugin instead.`,\n      shouldBeReported: false,\n    },\n    MISSING_DEPENDENCIES: {\n      number: 801,\n      message: `Plugin %plugin% requires the following dependencies to be installed: %missingDependencies%.\nPlease run: npm install --save-dev %missingDependenciesVersions%`,\n      title: \"Plugin dependencies not installed\",\n      description: `You are trying to use a plugin with unmet dependencies.\n\nPlease follow Hardhat's instructions to resolve this.`,\n      shouldBeReported: false,\n    },\n  },\n  INTERNAL: {\n    TEMPLATE_INVALID_VARIABLE_NAME: {\n      number: 900,\n      message:\n        \"Variable names can only include ascii letters and numbers, and start with a letter, but got %variable%\",\n      title: \"Invalid error message template\",\n      description: `An error message template contains an invalid variable name. This is a bug.\n\nPlease [report it](https://github.com/nomiclabs/hardhat/issues/new) to help us improve Hardhat.`,\n      shouldBeReported: true,\n    },\n    TEMPLATE_VALUE_CONTAINS_VARIABLE_TAG: {\n      number: 901,\n      message:\n        \"Template values can't include variable tags, but %variable%'s value includes one\",\n      title: \"Invalid error message replacement\",\n      description: `Tried to replace an error message variable with a value that contains another variable name. This is a bug.\n\nPlease [report it](https://github.com/nomiclabs/hardhat/issues/new) to help us improve Hardhat.`,\n      shouldBeReported: true,\n    },\n    TEMPLATE_VARIABLE_TAG_MISSING: {\n      number: 902,\n      message: \"Variable %variable%'s tag not present in the template\",\n      title: \"Missing replacement value from error message template\",\n      description: `An error message template is missing a replacement value. This is a bug.\n\nPlease [report it](https://github.com/nomiclabs/hardhat/issues/new) to help us improve Hardhat.`,\n      shouldBeReported: true,\n    },\n    WRONG_ARTIFACT_PATH: {\n      number: 903,\n      message:\n        \"The inferred artifact path for contract %contractName% is %artifactPath%, but this file doesn't exist\",\n      title: \"Inferred artifact path doesn't exist\",\n      description: `The inferred artifact path doesn't exist.\n\nPlease [report it](https://github.com/nomiclabs/hardhat/issues/new) to help us improve Hardhat.`,\n      shouldBeReported: true,\n    },\n  },\n  SOURCE_NAMES: {\n    INVALID_SOURCE_NAME_ABSOLUTE_PATH: {\n      number: 1000,\n      message:\n        \"Invalid source name %name%. Expected source name but found an absolute path.\",\n      title: \"Invalid source name: absolute path\",\n      description: `A Solidity source name was expected, but an absolute path was given.\n\nIf you aren't overriding compilation-related tasks, please report this as a bug.`,\n      shouldBeReported: true,\n    },\n    INVALID_SOURCE_NAME_RELATIVE_PATH: {\n      number: 1001,\n      message:\n        \"Invalid source name %name%. Expected source name but found a relative path.\",\n      title: \"Invalid source name: relative path\",\n      description: `A Solidity source name was expected, but a relative path was given.\n\nIf you aren't overriding compilation-related tasks, please report this as a bug.`,\n      shouldBeReported: true,\n    },\n    INVALID_SOURCE_NAME_BACKSLASHES: {\n      number: 1002,\n      message:\n        \"Invalid source %name%. The source name uses backslashes (\\\\) instead of slashes (/).\",\n      title: \"Invalid source name: backslashes\",\n      description: `A Solidity source name was invalid because it uses backslashes (\\\\\\\\) instead of slashes (/).\n\nIf you aren't overriding compilation-related tasks, please report this as a bug.`,\n      shouldBeReported: true,\n    },\n    INVALID_SOURCE_NOT_NORMALIZED: {\n      number: 1003,\n      message: \"Invalid source name %name%. Source names must be normalized\",\n      title: \"Invalid source name: not normalized\",\n      description: `A Solidity source name was invalid because it wasn't normalized. It probably contains some \".\" or \"..\".\n\nIf you aren't overriding compilation-related tasks, please report this as a bug.`,\n      shouldBeReported: true,\n    },\n    WRONG_CASING: {\n      number: 1004,\n      message:\n        \"Invalid source map %incorrect%, its correct case-sensitive source name is %correct%\",\n      title: \"Incorrect source name casing\",\n      description: `You tried to resolve a Solidity file with an incorrect casing.\n\nHardhat's compiler is case sensitive to ensure projects are portable across different operating systems.`,\n      shouldBeReported: true,\n    },\n    FILE_NOT_FOUND: {\n      number: 1005,\n      message: \"Solidity source file %name% not found\",\n      title: \"Solidity source file not found\",\n      description: `A source name should correspond to an existing Solidity file but it doesn't.\n\nHardhat's compiler is case sensitive to ensure projects are portable across different operating systems.`,\n      shouldBeReported: true,\n    },\n    NODE_MODULES_AS_LOCAL: {\n      number: 1006,\n      message:\n        \"The file %path% is treated as local but is inside a node_modules directory\",\n      title: \"File from node_modules treated as local\",\n      description: `A file was treated as local but is inside a node_modules directory.\n\nIf you aren't overriding compilation-related tasks, please report this as a bug.`,\n      shouldBeReported: true,\n    },\n    EXTERNAL_AS_LOCAL: {\n      number: 1007,\n      message: \"The file %path% is treated as local but is outside the project\",\n      title: \"File from outside the project treated as local\",\n      description: `A file was treated as local but is outside the project.\n\nIf you aren't overriding compilation-related tasks, please report this as a bug.`,\n      shouldBeReported: true,\n    },\n  },\n  CONTRACT_NAMES: {\n    INVALID_FULLY_QUALIFIED_NAME: {\n      number: 1100,\n      message: \"Invalid fully qualified contract name %name%.\",\n      title: \"Invalid fully qualified contract name\",\n      description: `A contract name was expected to be in fully qualified form, but it's not.\n\nA fully qualified name should look like file.sol:Contract`,\n      shouldBeReported: false,\n    },\n  },\n};\n\n/**\n * Setting the type of ERRORS to a map let us access undefined ones. Letting it\n * be a literal doesn't enforce that its values are of type ErrorDescriptor.\n *\n * We let it be a literal, and use this variable to enforce the types\n */\nconst _PHONY_VARIABLE_TO_FORCE_ERRORS_TO_BE_OF_TYPE_ERROR_DESCRIPTOR: {\n  [category: string]: {\n    [name: string]: ErrorDescriptor;\n  };\n} = ERRORS;\n"]},"metadata":{},"sourceType":"script","externalDependencies":[]}